"F:/Unreal Projects/kennyjam_test/RotatingWitch/Content/KenneyJam2021/Maps/Light/cloudMask.uasset" 0
"F:/Unreal Projects/kennyjam_test/RotatingWitch/Content/KenneyJam2021/Maps/Light/cloudMaskMaterial.uasset" 1
"F:/Unreal Projects/kennyjam_test/RotatingWitch/Content/KenneyJam2021/Maps/Light/_Inst_cloudMaskMaterial_lv1.uasset" 2
"F:/Unreal Projects/kennyjam_test/RotatingWitch/Content/KenneyJam2021/Maps/_Inst_cloudMaskMaterial_lv1.uasset" 3
"F:/Unreal Projects/kennyjam_test/RotatingWitch/Content/KenneyJam2021/_Inst_cloudMaskMaterial_lv1.uasset" 4
"F:/Unreal Projects/kennyjam_test/RotatingWitch/Content/KenneyJam2021/_Inst_cloudMaskMaterial.uasset" 5
"F:/Unreal Projects/kennyjam_test/RotatingWitch/Content/KenneyJam2021/Geometry/Material/_Mat_SingleColor.uasset" 6
"F:/Unreal Projects/kennyjam_test/RotatingWitch/Content/KenneyJam2021/Geometry/Mesh/Kitchen/_material/_Inst_paperBrownLite_8_rough.uasset" 7
"F:/Unreal Projects/kennyjam_test/RotatingWitch/Content/KenneyJam2021/Geometry/Mesh/FoodKit/_material/_Inst_avocadoBrownDark_7_rough.uasset" 8
"F:/Unreal Projects/kennyjam_test/RotatingWitch/Content/KenneyJam2021/Blueprints/Item/ItemCategory.uasset" 9
"F:/Unreal Projects/kennyjam_test/RotatingWitch/Content/KenneyJam2021/Blueprints/Item/ItemData.uasset" 10
"F:/Unreal Projects/kennyjam_test/RotatingWitch/Content/KenneyJam2021/Blueprints/Item/MasterItem.uasset" 11
"F:/Unreal Projects/kennyjam_test/RotatingWitch/Content/KenneyJam2021/Geometry/Mesh/FoodKit/_material/_Inst_teaBrownMid_3_rough.uasset" 12
"F:/Unreal Projects/kennyjam_test/RotatingWitch/Content/KenneyJam2021/Geometry/Mesh/FoodKit/_material/_Inst_bowlNPlateBlueWhite_2_rough1.uasset" 13
"F:/Unreal Projects/kennyjam_test/RotatingWitch/Content/KenneyJam2021/Geometry/Mesh/FoodKit/cupTea.uasset" 14
"F:/Unreal Projects/kennyjam_test/RotatingWitch/Content/KenneyJam2021/Blueprints/Item/Cup/MasterCup.uasset" 15
"F:/Unreal Projects/kennyjam_test/RotatingWitch/Content/KenneyJam2021/Blueprints/Item/Cup/BrownCup.uasset" 16
"F:/Unreal Projects/kennyjam_test/RotatingWitch/Content/KenneyJam2021/Blueprints/Item/Cup/CoffeCup.uasset" 17
"F:/Unreal Projects/kennyjam_test/RotatingWitch/Content/KenneyJam2021/Geometry/Mesh/FoodKit/_material/_Inst_cterryRed_5_rough.uasset" 18
"F:/Unreal Projects/kennyjam_test/RotatingWitch/Content/KenneyJam2021/Geometry/Mesh/FoodKit/_material/_Inst_violetLite_6_rough.uasset" 19
"F:/Unreal Projects/kennyjam_test/RotatingWitch/Content/KenneyJam2021/Geometry/Mesh/FoodKit/_material/_Inst_greenLite_6_rough.uasset" 20
"F:/Unreal Projects/kennyjam_test/RotatingWitch/Content/KenneyJam2021/Geometry/Mesh/FoodKit/_material/_Inst_creamPink_6_rough.uasset" 21
"F:/Unreal Projects/kennyjam_test/RotatingWitch/Content/KenneyJam2021/Geometry/Mesh/FoodKit/_material/_Inst_brownExtraLite_6_rough.uasset" 22
"F:/Unreal Projects/kennyjam_test/RotatingWitch/Content/KenneyJam2021/Geometry/Mesh/FoodKit/_material/_Inst_brownLite_8_rough.uasset" 23
"F:/Unreal Projects/kennyjam_test/RotatingWitch/Content/KenneyJam2021/Geometry/Mesh/FoodKit/cupcake.uasset" 24
"F:/Unreal Projects/kennyjam_test/RotatingWitch/Content/KenneyJam2021/Blueprints/Item/Food/MasterFood.uasset" 25
"F:/Unreal Projects/kennyjam_test/RotatingWitch/Content/KenneyJam2021/Blueprints/Item/Food/Cake.uasset" 26
"F:/Unreal Projects/kennyjam_test/RotatingWitch/Content/KenneyJam2021/Geometry/Material/_MAT_emissive.uasset" 27
"F:/Unreal Projects/kennyjam_test/RotatingWitch/Content/KenneyJam2021/Geometry/Material/_Inst_lightDay.uasset" 28
"F:/Unreal Projects/kennyjam_test/RotatingWitch/Content/KenneyJam2021/Geometry/Material/_Inst_lightYellow.uasset" 29
"../../../Engine/Content/EngineMaterials/T_Default_Material_Grid_M.uasset" 30
"../../../Engine/Content/Functions/Engine_MaterialFunctions01/Opacity/CameraDepthFade.uasset" 31
"../../../Engine/Content/EngineMaterials/T_Default_Material_Grid_N.uasset" 32
"../../../Engine/Content/EngineMaterials/WorldGridMaterial.uasset" 33
"F:/Unreal Projects/kennyjam_test/RotatingWitch/Content/KenneyJam2021/Geometry/Mesh/Environment/cabin/cabinFloor.uasset" 34
"F:/Unreal Projects/kennyjam_test/RotatingWitch/Content/KenneyJam2021/Geometry/Mesh/Environment/cabin/cabinRoofCenter.uasset" 35
"F:/Unreal Projects/kennyjam_test/RotatingWitch/Content/KenneyJam2021/Geometry/Mesh/Environment/cabin/cabinRoofCorner.uasset" 36
"F:/Unreal Projects/kennyjam_test/RotatingWitch/Content/KenneyJam2021/Geometry/Mesh/Environment/cabin/cabinRoofFlat.uasset" 37
"F:/Unreal Projects/kennyjam_test/RotatingWitch/Content/KenneyJam2021/Geometry/Mesh/Environment/cabin/cabinSideCenter.uasset" 38
"F:/Unreal Projects/kennyjam_test/RotatingWitch/Content/KenneyJam2021/Geometry/Mesh/Environment/cabin/cabinWallHalf.uasset" 39
"F:/Unreal Projects/kennyjam_test/RotatingWitch/Content/KenneyJam2021/Geometry/Mesh/Environment/cabin/cabinWindowHalf.uasset" 40
"F:/Unreal Projects/kennyjam_test/RotatingWitch/Content/KenneyJam2021/Geometry/Mesh/Environment/cabin/lightsSolo.uasset" 41
"F:/Unreal Projects/kennyjam_test/RotatingWitch/Content/KenneyJam2021/Geometry/Mesh/Environment/cabin/sled.uasset" 42
"F:/Unreal Projects/kennyjam_test/RotatingWitch/Content/KenneyJam2021/Geometry/Mesh/Environment/cabin/treeDecorated.uasset" 43
"F:/Unreal Projects/kennyjam_test/RotatingWitch/Content/KenneyJam2021/Geometry/Mesh/Environment/farm/debris.uasset" 44
"F:/Unreal Projects/kennyjam_test/RotatingWitch/Content/KenneyJam2021/Geometry/Mesh/Environment/farm/roadCorner.uasset" 45
"F:/Unreal Projects/kennyjam_test/RotatingWitch/Content/KenneyJam2021/Geometry/Mesh/Environment/farm/shovel.uasset" 46
"F:/Unreal Projects/kennyjam_test/RotatingWitch/Content/KenneyJam2021/Geometry/Mesh/Environment/farm/shovelDirt.uasset" 47
"F:/Unreal Projects/kennyjam_test/RotatingWitch/Content/KenneyJam2021/Geometry/Mesh/Environment/farm/trunkLong.uasset" 48
"F:/Unreal Projects/kennyjam_test/RotatingWitch/Content/KenneyJam2021/Geometry/Mesh/Environment/furniture/cardboardBoxClosed.uasset" 49
"F:/Unreal Projects/kennyjam_test/RotatingWitch/Content/KenneyJam2021/Geometry/Mesh/Environment/furniture/chair.uasset" 50
"F:/Unreal Projects/kennyjam_test/RotatingWitch/Content/KenneyJam2021/Geometry/Mesh/Environment/furniture/chairRounded.uasset" 51
"F:/Unreal Projects/kennyjam_test/RotatingWitch/Content/KenneyJam2021/Geometry/Mesh/Environment/furniture/plantSmall1.uasset" 52
"F:/Unreal Projects/kennyjam_test/RotatingWitch/Content/KenneyJam2021/Geometry/Mesh/Environment/furniture/pottedPlant_plant.uasset" 53
"F:/Unreal Projects/kennyjam_test/RotatingWitch/Content/KenneyJam2021/Geometry/Mesh/Environment/furniture/pottedPlant_pottedPlant.uasset" 54
"F:/Unreal Projects/kennyjam_test/RotatingWitch/Content/KenneyJam2021/Geometry/Mesh/Environment/magi/detail_crystalLarge.uasset" 55
"F:/Unreal Projects/kennyjam_test/RotatingWitch/Content/KenneyJam2021/Geometry/Mesh/Environment/magi/snow_detail_crystal.uasset" 56
"F:/Unreal Projects/kennyjam_test/RotatingWitch/Content/KenneyJam2021/Geometry/Mesh/Environment/magi/snow_detail_crystalLarge.uasset" 57
"F:/Unreal Projects/kennyjam_test/RotatingWitch/Content/KenneyJam2021/Geometry/Mesh/Environment/nature/detail_rocks.uasset" 58
"F:/Unreal Projects/kennyjam_test/RotatingWitch/Content/KenneyJam2021/Geometry/Mesh/Environment/nature/detail_treeLarge.uasset" 59
"F:/Unreal Projects/kennyjam_test/RotatingWitch/Content/KenneyJam2021/Geometry/Mesh/Environment/nature/pine.uasset" 60
"F:/Unreal Projects/kennyjam_test/RotatingWitch/Content/KenneyJam2021/Geometry/Mesh/Environment/nature/pineCrooked.uasset" 61
"F:/Unreal Projects/kennyjam_test/RotatingWitch/Content/KenneyJam2021/Geometry/Mesh/Environment/nature/snow_detail_tree.uasset" 62
"F:/Unreal Projects/kennyjam_test/RotatingWitch/Content/KenneyJam2021/Geometry/Mesh/Environment/nature/snow_detail_treeLarge.uasset" 63
"F:/Unreal Projects/kennyjam_test/RotatingWitch/Content/KenneyJam2021/Geometry/Mesh/Environment/nature/tree.uasset" 64
"F:/Unreal Projects/kennyjam_test/RotatingWitch/Content/KenneyJam2021/Geometry/Mesh/Environment/nature/treeCrooked.uasset" 65
"F:/Unreal Projects/kennyjam_test/RotatingWitch/Content/KenneyJam2021/Geometry/Mesh/Environment/nature/treeHigh.uasset" 66
"F:/Unreal Projects/kennyjam_test/RotatingWitch/Content/KenneyJam2021/Geometry/Mesh/Environment/nature/treeHighCrooked.uasset" 67
"F:/Unreal Projects/kennyjam_test/RotatingWitch/Content/KenneyJam2021/Geometry/Mesh/Environment/nature/treePineSnow.uasset" 68
"F:/Unreal Projects/kennyjam_test/RotatingWitch/Content/KenneyJam2021/Geometry/Mesh/Environment/nature/treePineSnowRound.uasset" 69
"F:/Unreal Projects/kennyjam_test/RotatingWitch/Content/KenneyJam2021/Geometry/Mesh/Environment/nature/tree_detailed.uasset" 70
"F:/Unreal Projects/kennyjam_test/RotatingWitch/Content/KenneyJam2021/Geometry/Mesh/Environment/natureKit/crops_dirtRow.uasset" 71
"F:/Unreal Projects/kennyjam_test/RotatingWitch/Content/KenneyJam2021/Geometry/Mesh/Environment/natureKit/crops_dirtRowCorner.uasset" 72
"F:/Unreal Projects/kennyjam_test/RotatingWitch/Content/KenneyJam2021/Geometry/Mesh/Environment/natureKit/crops_dirtRowEnd.uasset" 73
"F:/Unreal Projects/kennyjam_test/RotatingWitch/Content/KenneyJam2021/Geometry/Mesh/Environment/natureKit/crops_dirtSingle.uasset" 74
"F:/Unreal Projects/kennyjam_test/RotatingWitch/Content/KenneyJam2021/Geometry/Mesh/Environment/natureKit/grass_leafs.uasset" 75
"F:/Unreal Projects/kennyjam_test/RotatingWitch/Content/KenneyJam2021/Geometry/Mesh/Environment/natureKit/mushroom_red.uasset" 76
"F:/Unreal Projects/kennyjam_test/RotatingWitch/Content/KenneyJam2021/Geometry/Mesh/Environment/natureKit/mushroom_redGroup.uasset" 77
"F:/Unreal Projects/kennyjam_test/RotatingWitch/Content/KenneyJam2021/Geometry/Mesh/Environment/natureKit/path_stone.uasset" 78
"F:/Unreal Projects/kennyjam_test/RotatingWitch/Content/KenneyJam2021/Geometry/Mesh/Environment/natureKit/path_stoneCorner.uasset" 79
"F:/Unreal Projects/kennyjam_test/RotatingWitch/Content/KenneyJam2021/Geometry/Mesh/Environment/platformKit/arrow.uasset" 80
"F:/Unreal Projects/kennyjam_test/RotatingWitch/Content/KenneyJam2021/Geometry/Mesh/Environment/platformKit/crate.uasset" 81
"F:/Unreal Projects/kennyjam_test/RotatingWitch/Content/KenneyJam2021/Geometry/Mesh/Environment/platformKit/flowers.uasset" 82
"F:/Unreal Projects/kennyjam_test/RotatingWitch/Content/KenneyJam2021/Geometry/Mesh/Kitchen/_material/_Inst_violetLite_6_rough.uasset" 83
"F:/Unreal Projects/kennyjam_test/RotatingWitch/Content/KenneyJam2021/Geometry/Mesh/Kitchen/_material/_Inst_grapePurple_4_rough.uasset" 84
"F:/Unreal Projects/kennyjam_test/RotatingWitch/Content/KenneyJam2021/Geometry/Mesh/FoodKit/_material/_Inst_eggplantPurple_4_rough.uasset" 85
"F:/Unreal Projects/kennyjam_test/RotatingWitch/Content/KenneyJam2021/Geometry/Mesh/Environment/platformKit/flowersLowViolet.uasset" 86
"F:/Unreal Projects/kennyjam_test/RotatingWitch/Content/KenneyJam2021/Geometry/Mesh/Environment/platformKit/flowersLowYellow.uasset" 87
"F:/Unreal Projects/kennyjam_test/RotatingWitch/Content/KenneyJam2021/Geometry/Mesh/Environment/platformKit/flowersLow.uasset" 88
"F:/Unreal Projects/kennyjam_test/RotatingWitch/Content/KenneyJam2021/Geometry/Mesh/Environment/platformKit/hedge.uasset" 89
"F:/Unreal Projects/kennyjam_test/RotatingWitch/Content/KenneyJam2021/Geometry/Mesh/Environment/platformKit/hedgeCorner.uasset" 90
"F:/Unreal Projects/kennyjam_test/RotatingWitch/Content/KenneyJam2021/Geometry/Mesh/Environment/platformKit/ladder.uasset" 91
"F:/Unreal Projects/kennyjam_test/RotatingWitch/Content/KenneyJam2021/Geometry/Mesh/Environment/platformKit/log_large.uasset" 92
"F:/Unreal Projects/kennyjam_test/RotatingWitch/Content/KenneyJam2021/Geometry/Mesh/Environment/platformKit/mushrooms.uasset" 93
"F:/Unreal Projects/kennyjam_test/RotatingWitch/Content/KenneyJam2021/Geometry/Mesh/Environment/platformKit/mushroom_red.uasset" 94
"F:/Unreal Projects/kennyjam_test/RotatingWitch/Content/KenneyJam2021/Geometry/Mesh/Environment/platformKit/mushroom_redTall.uasset" 95
"F:/Unreal Projects/kennyjam_test/RotatingWitch/Content/KenneyJam2021/Geometry/Mesh/Environment/platformKit/path_stone.uasset" 96
"F:/Unreal Projects/kennyjam_test/RotatingWitch/Content/KenneyJam2021/Geometry/Mesh/Environment/platformKit/path_stoneCircle.uasset" 97
"F:/Unreal Projects/kennyjam_test/RotatingWitch/Content/KenneyJam2021/Geometry/Mesh/Environment/platformKit/path_stoneCorner.uasset" 98
"F:/Unreal Projects/kennyjam_test/RotatingWitch/Content/KenneyJam2021/Geometry/Mesh/Environment/platformKit/path_stoneEnd.uasset" 99
"F:/Unreal Projects/kennyjam_test/RotatingWitch/Content/KenneyJam2021/Geometry/Mesh/Environment/platformKit/path_wood.uasset" 100
"F:/Unreal Projects/kennyjam_test/RotatingWitch/Content/KenneyJam2021/Geometry/Mesh/Environment/platformKit/path_woodCorner.uasset" 101
"F:/Unreal Projects/kennyjam_test/RotatingWitch/Content/KenneyJam2021/Geometry/Mesh/Environment/platformKit/path_woodEnd.uasset" 102
"F:/Unreal Projects/kennyjam_test/RotatingWitch/Content/KenneyJam2021/Geometry/Mesh/Environment/platformKit/plant.uasset" 103
"F:/Unreal Projects/kennyjam_test/RotatingWitch/Content/KenneyJam2021/Geometry/Mesh/Environment/platformKit/plant_bushLarge.uasset" 104
"F:/Unreal Projects/kennyjam_test/RotatingWitch/Content/KenneyJam2021/Geometry/Mesh/Environment/platformKit/plant_bushLargeTriangle.uasset" 105
"F:/Unreal Projects/kennyjam_test/RotatingWitch/Content/KenneyJam2021/Geometry/Mesh/Environment/platformKit/plant_bushSmall.uasset" 106
"F:/Unreal Projects/kennyjam_test/RotatingWitch/Content/KenneyJam2021/Geometry/Mesh/Environment/platformKit/platform_grass.uasset" 107
"F:/Unreal Projects/kennyjam_test/RotatingWitch/Content/KenneyJam2021/Geometry/Mesh/Environment/platformKit/platform_stone.uasset" 108
"F:/Unreal Projects/kennyjam_test/RotatingWitch/Content/KenneyJam2021/Geometry/Mesh/FoodKit/_material/_Inst_appleYellow_8_rough.uasset" 109
"F:/Unreal Projects/kennyjam_test/RotatingWitch/Content/KenneyJam2021/Geometry/Mesh/FoodKit/_material/_Inst_appleRed_6_rough.uasset" 110
"F:/Unreal Projects/kennyjam_test/RotatingWitch/Content/KenneyJam2021/Geometry/Mesh/FoodKit/appleHalf.uasset" 111
"F:/Unreal Projects/kennyjam_test/RotatingWitch/Content/KenneyJam2021/Geometry/Mesh/FoodKit/_material/_Inst_avocadoBrown_10_rough.uasset" 112
"F:/Unreal Projects/kennyjam_test/RotatingWitch/Content/KenneyJam2021/Geometry/Mesh/FoodKit/avocado.uasset" 113
"F:/Unreal Projects/kennyjam_test/RotatingWitch/Content/KenneyJam2021/Geometry/Mesh/FoodKit/_material/_Inst_avocadoGreen_6_rough.uasset" 114
"F:/Unreal Projects/kennyjam_test/RotatingWitch/Content/KenneyJam2021/Geometry/Mesh/FoodKit/avocadoHalf.uasset" 115
"F:/Unreal Projects/kennyjam_test/RotatingWitch/Content/KenneyJam2021/Geometry/Mesh/FoodKit/_material/_Inst_meatPinkMid_7_rough.uasset" 116
"F:/Unreal Projects/kennyjam_test/RotatingWitch/Content/KenneyJam2021/Geometry/Mesh/FoodKit/_material/_Inst_meatPinkLite_7_rough.uasset" 117
"F:/Unreal Projects/kennyjam_test/RotatingWitch/Content/KenneyJam2021/Geometry/Mesh/FoodKit/bacon.uasset" 118
"F:/Unreal Projects/kennyjam_test/RotatingWitch/Content/KenneyJam2021/Geometry/Mesh/FoodKit/_material/_Inst_meatCookedPinkMid_7_rough.uasset" 119
"F:/Unreal Projects/kennyjam_test/RotatingWitch/Content/KenneyJam2021/Geometry/Mesh/FoodKit/_material/_Inst_meatCookedPinkLite_8_rough.uasset" 120
"F:/Unreal Projects/kennyjam_test/RotatingWitch/Content/KenneyJam2021/Geometry/Mesh/FoodKit/baconCooked.uasset" 121
"F:/Unreal Projects/kennyjam_test/RotatingWitch/Content/KenneyJam2021/Geometry/Mesh/FoodKit/_material/_Inst_springOnionGreen_6_rough.uasset" 122
"F:/Unreal Projects/kennyjam_test/RotatingWitch/Content/KenneyJam2021/Geometry/Mesh/FoodKit/_material/_Inst_milkWhite_6_rough.uasset" 123
"F:/Unreal Projects/kennyjam_test/RotatingWitch/Content/KenneyJam2021/Geometry/Mesh/FoodKit/_material/_Inst_beepPurple_6_rough.uasset" 124
"F:/Unreal Projects/kennyjam_test/RotatingWitch/Content/KenneyJam2021/Geometry/Mesh/FoodKit/beet.uasset" 125
"F:/Unreal Projects/kennyjam_test/RotatingWitch/Content/KenneyJam2021/Geometry/Mesh/FoodKit/_material/_Inst_cheeseYellowMid_5_rough.uasset" 126
"F:/Unreal Projects/kennyjam_test/RotatingWitch/Content/KenneyJam2021/Geometry/Mesh/FoodKit/_material/_Inst_tematoRed_6_rough.uasset" 127
"F:/Unreal Projects/kennyjam_test/RotatingWitch/Content/KenneyJam2021/Geometry/Mesh/FoodKit/_material/_Inst_steakBrownMid_7_rough.uasset" 128
"F:/Unreal Projects/kennyjam_test/RotatingWitch/Content/KenneyJam2021/Geometry/Mesh/FoodKit/_material/_Inst_breadBrownLite_8_rough.uasset" 129
"F:/Unreal Projects/kennyjam_test/RotatingWitch/Content/KenneyJam2021/Geometry/Mesh/FoodKit/burger.uasset" 130
"F:/Unreal Projects/kennyjam_test/RotatingWitch/Content/KenneyJam2021/Geometry/Mesh/FoodKit/burgerCheese.uasset" 131
"F:/Unreal Projects/kennyjam_test/RotatingWitch/Content/KenneyJam2021/Geometry/Mesh/FoodKit/_material/_Inst_strawberryRed_5_rough.uasset" 132
"F:/Unreal Projects/kennyjam_test/RotatingWitch/Content/KenneyJam2021/Geometry/Mesh/FoodKit/burgerDouble.uasset" 133
"F:/Unreal Projects/kennyjam_test/RotatingWitch/Content/KenneyJam2021/Geometry/Mesh/FoodKit/_material/_Inst_greenMid_6_rough.uasset" 134
"F:/Unreal Projects/kennyjam_test/RotatingWitch/Content/KenneyJam2021/Geometry/Mesh/FoodKit/cabbage.uasset" 135
"F:/Unreal Projects/kennyjam_test/RotatingWitch/Content/KenneyJam2021/Geometry/Mesh/FoodKit/_material/_Inst_strawberryYellow_6_rough.uasset" 136
"F:/Unreal Projects/kennyjam_test/RotatingWitch/Content/KenneyJam2021/Geometry/Mesh/FoodKit/_material/_Inst_chocoBrownMid_8_rough.uasset" 137
"F:/Unreal Projects/kennyjam_test/RotatingWitch/Content/KenneyJam2021/Geometry/Mesh/FoodKit/_material/_Inst_chocoBrownLite_8_rough.uasset" 138
"F:/Unreal Projects/kennyjam_test/RotatingWitch/Content/KenneyJam2021/Geometry/Mesh/FoodKit/cake.uasset" 139
"F:/Unreal Projects/kennyjam_test/RotatingWitch/Content/KenneyJam2021/Geometry/Mesh/FoodKit/_material/_Inst_carrotsOrange_6_rough.uasset" 140
"F:/Unreal Projects/kennyjam_test/RotatingWitch/Content/KenneyJam2021/Geometry/Mesh/FoodKit/carrot.uasset" 141
"F:/Unreal Projects/kennyjam_test/RotatingWitch/Content/KenneyJam2021/Geometry/Mesh/FoodKit/cauliflower.uasset" 142
"F:/Unreal Projects/kennyjam_test/RotatingWitch/Content/KenneyJam2021/Geometry/Mesh/FoodKit/celeryStick.uasset" 143
"F:/Unreal Projects/kennyjam_test/RotatingWitch/Content/KenneyJam2021/Maps/Light/_Inst_cloudMaskMaterial_lv2.uasset" 144
"F:/Unreal Projects/kennyjam_test/RotatingWitch/Content/KenneyJam2021/Maps/_Inst_cloudMaskMaterial_lv2.uasset" 145
"F:/Unreal Projects/kennyjam_test/RotatingWitch/Content/KenneyJam2021/_Inst_cloudMaskMaterial_lv2.uasset" 146
"F:/Unreal Projects/kennyjam_test/RotatingWitch/Content/KenneyJam2021/Geometry/Material/_Inst_bowlNPlateBlueGray_2_rough.uasset" 147
"F:/Unreal Projects/kennyjam_test/RotatingWitch/Content/KenneyJam2021/Geometry/Material/_Inst_bowlNPlategray_2_rough.uasset" 148
"F:/Unreal Projects/kennyjam_test/RotatingWitch/Content/KenneyJam2021/Geometry/Mesh/FoodKit/_material/_Inst_cheeseYellowLite_5_rough.uasset" 149
"F:/Unreal Projects/kennyjam_test/RotatingWitch/Content/KenneyJam2021/Geometry/Mesh/FoodKit/cheeseWhole.uasset" 150
"F:/Unreal Projects/kennyjam_test/RotatingWitch/Content/KenneyJam2021/Geometry/Mesh/FoodKit/_material/_Inst_leafGreenLite_6_rough1.uasset" 151
"F:/Unreal Projects/kennyjam_test/RotatingWitch/Content/KenneyJam2021/Geometry/Mesh/FoodKit/cherries.uasset" 152
"F:/Unreal Projects/kennyjam_test/RotatingWitch/Content/KenneyJam2021/Geometry/Mesh/FoodKit/_material/_Inst_brownMid_8_rough.uasset" 153
"F:/Unreal Projects/kennyjam_test/RotatingWitch/Content/KenneyJam2021/Geometry/Mesh/FoodKit/coconut.uasset" 154
"F:/Unreal Projects/kennyjam_test/RotatingWitch/Content/KenneyJam2021/Geometry/Mesh/FoodKit/coconutHalf.uasset" 155
"F:/Unreal Projects/kennyjam_test/RotatingWitch/Content/KenneyJam2021/Geometry/Mesh/FoodKit/_material/_Inst_OreoBrownMid_8_rough.uasset" 156
"F:/Unreal Projects/kennyjam_test/RotatingWitch/Content/KenneyJam2021/Geometry/Mesh/FoodKit/cookieChocolate.uasset" 157
"F:/Unreal Projects/kennyjam_test/RotatingWitch/Content/KenneyJam2021/Geometry/Mesh/FoodKit/_material/_Inst_cornYellow_6_rough.uasset" 158
"F:/Unreal Projects/kennyjam_test/RotatingWitch/Content/KenneyJam2021/Geometry/Mesh/FoodKit/corn.uasset" 159
"F:/Unreal Projects/kennyjam_test/RotatingWitch/Content/KenneyJam2021/Geometry/Mesh/FoodKit/_material/_Inst_breadBrownMid_8_rough.uasset" 160
"F:/Unreal Projects/kennyjam_test/RotatingWitch/Content/KenneyJam2021/Geometry/Mesh/FoodKit/croissant.uasset" 161
"F:/Unreal Projects/kennyjam_test/RotatingWitch/Content/KenneyJam2021/Geometry/Mesh/FoodKit/_material/_Inst_teaBrownLite_3_rough.uasset" 162
"F:/Unreal Projects/kennyjam_test/RotatingWitch/Content/KenneyJam2021/Geometry/Mesh/FoodKit/cupThea.uasset" 163
"F:/Unreal Projects/kennyjam_test/RotatingWitch/Content/KenneyJam2021/Geometry/Mesh/FoodKit/egg.uasset" 164
"F:/Unreal Projects/kennyjam_test/RotatingWitch/Content/KenneyJam2021/Geometry/Mesh/FoodKit/_material/_Inst_cerealYellow_6_rough.uasset" 165
"F:/Unreal Projects/kennyjam_test/RotatingWitch/Content/KenneyJam2021/Geometry/Mesh/FoodKit/eggCooked.uasset" 166
"F:/Unreal Projects/kennyjam_test/RotatingWitch/Content/KenneyJam2021/Geometry/Mesh/FoodKit/eggplant.uasset" 167
"F:/Unreal Projects/kennyjam_test/RotatingWitch/Content/KenneyJam2021/Geometry/Mesh/FoodKit/_material/_Inst_samonPinkMid_3_rough.uasset" 168
"F:/Unreal Projects/kennyjam_test/RotatingWitch/Content/KenneyJam2021/Geometry/Mesh/FoodKit/_material/_Inst_samonPinkLite_3_rough.uasset" 169
"F:/Unreal Projects/kennyjam_test/RotatingWitch/Content/KenneyJam2021/Geometry/Mesh/FoodKit/fish.uasset" 170
"F:/Unreal Projects/kennyjam_test/RotatingWitch/Content/KenneyJam2021/Geometry/Mesh/FoodKit/fishBones.uasset" 171
"F:/Unreal Projects/kennyjam_test/RotatingWitch/Content/KenneyJam2021/Geometry/Mesh/FoodKit/_material/_Inst_chocoMilkBrown_4_rough.uasset" 172
"F:/Unreal Projects/kennyjam_test/RotatingWitch/Content/KenneyJam2021/Geometry/Mesh/FoodKit/_material/_Inst_brownCream_6_rough.uasset" 173
"F:/Unreal Projects/kennyjam_test/RotatingWitch/Content/KenneyJam2021/Geometry/Mesh/FoodKit/frappe.uasset" 174
"F:/Unreal Projects/kennyjam_test/RotatingWitch/Content/KenneyJam2021/Geometry/Mesh/FoodKit/_material/_Inst_iceBlueMid_6_rough.uasset" 175
"F:/Unreal Projects/kennyjam_test/RotatingWitch/Content/KenneyJam2021/Geometry/Mesh/FoodKit/_material/_Inst_iceBlueLite_6_rough.uasset" 176
"F:/Unreal Projects/kennyjam_test/RotatingWitch/Content/KenneyJam2021/Geometry/Mesh/FoodKit/frappeIce.uasset" 177
"F:/Unreal Projects/kennyjam_test/RotatingWitch/Content/KenneyJam2021/Geometry/Mesh/FoodKit/fries.uasset" 178
"F:/Unreal Projects/kennyjam_test/RotatingWitch/Content/KenneyJam2021/Geometry/Mesh/FoodKit/_material/_Inst_breadBrownDark_8_rough.uasset" 179
"F:/Unreal Projects/kennyjam_test/RotatingWitch/Content/KenneyJam2021/Geometry/Mesh/FoodKit/_material/_Inst_bowlNPlategray_2_rough.uasset" 180
"F:/Unreal Projects/kennyjam_test/RotatingWitch/Content/KenneyJam2021/Geometry/Mesh/FoodKit/frikandelSpeciaal.uasset" 181
"F:/Unreal Projects/kennyjam_test/RotatingWitch/Content/KenneyJam2021/Geometry/Mesh/FoodKit/_material/_Inst_grapePurple_4_rough.uasset" 182
"F:/Unreal Projects/kennyjam_test/RotatingWitch/Content/KenneyJam2021/Geometry/Mesh/FoodKit/grapes.uasset" 183
"F:/Unreal Projects/kennyjam_test/RotatingWitch/Content/KenneyJam2021/Geometry/Mesh/FoodKit/hotDog.uasset" 184
"F:/Unreal Projects/kennyjam_test/RotatingWitch/Content/KenneyJam2021/Geometry/Mesh/FoodKit/_material/_Inst_breadBrownExtraLite_8_rough.uasset" 185
"F:/Unreal Projects/kennyjam_test/RotatingWitch/Content/KenneyJam2021/Geometry/Mesh/FoodKit/iceCream.uasset" 186
"F:/Unreal Projects/kennyjam_test/RotatingWitch/Content/KenneyJam2021/Geometry/Mesh/FoodKit/iceCreamCone.uasset" 187
"F:/Unreal Projects/kennyjam_test/RotatingWitch/Content/KenneyJam2021/Geometry/Mesh/FoodKit/iceCreamCup.uasset" 188
"F:/Unreal Projects/kennyjam_test/RotatingWitch/Content/KenneyJam2021/Geometry/Mesh/FoodKit/iceCreamScoop.uasset" 189
"F:/Unreal Projects/kennyjam_test/RotatingWitch/Content/KenneyJam2021/Geometry/Mesh/FoodKit/_material/_Inst_springOnionGreenDark_6_rough.uasset" 190
"F:/Unreal Projects/kennyjam_test/RotatingWitch/Content/KenneyJam2021/Geometry/Mesh/FoodKit/leek.uasset" 191
"F:/Unreal Projects/kennyjam_test/RotatingWitch/Content/KenneyJam2021/Geometry/Mesh/FoodKit/_material/_Inst_lemonYellow_5_rough.uasset" 192
"F:/Unreal Projects/kennyjam_test/RotatingWitch/Content/KenneyJam2021/Geometry/Mesh/FoodKit/lemon.uasset" 193
"F:/Unreal Projects/kennyjam_test/RotatingWitch/Content/KenneyJam2021/Geometry/Mesh/FoodKit/_material/_Inst_lemonYellowLite_7_rough.uasset" 194
"F:/Unreal Projects/kennyjam_test/RotatingWitch/Content/KenneyJam2021/Geometry/Mesh/FoodKit/lemonHalf.uasset" 195
"F:/Unreal Projects/kennyjam_test/RotatingWitch/Content/KenneyJam2021/Geometry/Mesh/FoodKit/lollypop.uasset" 196
"F:/Unreal Projects/kennyjam_test/RotatingWitch/Content/KenneyJam2021/Geometry/Mesh/FoodKit/meatCooked.uasset" 197
"F:/Unreal Projects/kennyjam_test/RotatingWitch/Content/KenneyJam2021/Geometry/Mesh/FoodKit/_material/_Inst_meatPinkExtraLite_7_rough.uasset" 198
"F:/Unreal Projects/kennyjam_test/RotatingWitch/Content/KenneyJam2021/Geometry/Mesh/FoodKit/meatRaw.uasset" 199
"F:/Unreal Projects/kennyjam_test/RotatingWitch/Content/KenneyJam2021/Geometry/Mesh/FoodKit/_material/_Inst_meatCookedPinkExtraLite_8_rough.uasset" 200
"F:/Unreal Projects/kennyjam_test/RotatingWitch/Content/KenneyJam2021/Geometry/Mesh/FoodKit/meatRibs.uasset" 201
"F:/Unreal Projects/kennyjam_test/RotatingWitch/Content/KenneyJam2021/Geometry/Mesh/FoodKit/meatSausage.uasset" 202
"F:/Unreal Projects/kennyjam_test/RotatingWitch/Content/KenneyJam2021/Geometry/Mesh/FoodKit/mushroom.uasset" 203
"F:/Unreal Projects/kennyjam_test/RotatingWitch/Content/KenneyJam2021/Geometry/Mesh/FoodKit/mushroomHalf.uasset" 204
"F:/Unreal Projects/kennyjam_test/RotatingWitch/Content/KenneyJam2021/Geometry/Mesh/FoodKit/_material/_Inst_musselSheelBrown_4_rough.uasset" 205
"F:/Unreal Projects/kennyjam_test/RotatingWitch/Content/KenneyJam2021/Geometry/Mesh/FoodKit/mussel.uasset" 206
"F:/Unreal Projects/kennyjam_test/RotatingWitch/Content/KenneyJam2021/Geometry/Mesh/FoodKit/musselOpen.uasset" 207
"F:/Unreal Projects/kennyjam_test/RotatingWitch/Content/KenneyJam2021/Geometry/Mesh/FoodKit/_material/_Inst_MapleBrown_2_rough.uasset" 208
"F:/Unreal Projects/kennyjam_test/RotatingWitch/Content/KenneyJam2021/Geometry/Mesh/FoodKit/pancakes.uasset" 209
"F:/Unreal Projects/kennyjam_test/RotatingWitch/Content/KenneyJam2021/Geometry/Mesh/FoodKit/paprika.uasset" 210
"F:/Unreal Projects/kennyjam_test/RotatingWitch/Content/KenneyJam2021/Geometry/Mesh/FoodKit/_material/_Inst_redWine_3_rough.uasset" 211
"F:/Unreal Projects/kennyjam_test/RotatingWitch/Content/KenneyJam2021/Geometry/Mesh/FoodKit/paprikaSlice.uasset" 212
"F:/Unreal Projects/kennyjam_test/RotatingWitch/Content/KenneyJam2021/Geometry/Mesh/FoodKit/pearHalf.uasset" 213
"F:/Unreal Projects/kennyjam_test/RotatingWitch/Content/KenneyJam2021/Geometry/Mesh/FoodKit/pepper.uasset" 214
"F:/Unreal Projects/kennyjam_test/RotatingWitch/Content/KenneyJam2021/Geometry/Mesh/FoodKit/_material/_Inst_pineappleYellow_8_rough.uasset" 215
"F:/Unreal Projects/kennyjam_test/RotatingWitch/Content/KenneyJam2021/Geometry/Mesh/FoodKit/pineapple.uasset" 216
"F:/Unreal Projects/kennyjam_test/RotatingWitch/Content/KenneyJam2021/Geometry/Mesh/FoodKit/_material/_Inst_salamiRed_3_rough.uasset" 217
"F:/Unreal Projects/kennyjam_test/RotatingWitch/Content/KenneyJam2021/Geometry/Mesh/FoodKit/_material/_Inst_breadBrownTan_8_rough.uasset" 218
"F:/Unreal Projects/kennyjam_test/RotatingWitch/Content/KenneyJam2021/Geometry/Mesh/FoodKit/pizza.uasset" 219
"F:/Unreal Projects/kennyjam_test/RotatingWitch/Content/KenneyJam2021/Geometry/Mesh/FoodKit/_material/_Inst_breadBrownMid_4_rough.uasset" 220
"F:/Unreal Projects/kennyjam_test/RotatingWitch/Content/KenneyJam2021/Geometry/Mesh/FoodKit/plateDinner.uasset" 221
"F:/Unreal Projects/kennyjam_test/RotatingWitch/Content/KenneyJam2021/Geometry/Mesh/FoodKit/plateSauerkraut.uasset" 222
"F:/Unreal Projects/kennyjam_test/RotatingWitch/Content/KenneyJam2021/Geometry/Mesh/FoodKit/popsicleChocolate.uasset" 223
"../../../Engine/Content/Functions/Engine_MaterialFunctions02/Fresnel_Function.uasset" 224
"F:/Unreal Projects/kennyjam_test/RotatingWitch/Content/KenneyJam2021/Geometry/Material/_MAT_glass.uasset" 225
"F:/Unreal Projects/kennyjam_test/RotatingWitch/Content/KenneyJam2021/Geometry/Mesh/FoodKit/_material/_INST_glassWhite.uasset" 226
"F:/Unreal Projects/kennyjam_test/RotatingWitch/Content/KenneyJam2021/Geometry/Mesh/FoodKit/_material/_Inst_potGray_4_rough.uasset" 227
"F:/Unreal Projects/kennyjam_test/RotatingWitch/Content/KenneyJam2021/Geometry/Mesh/FoodKit/potStewLid.uasset" 228
"F:/Unreal Projects/kennyjam_test/RotatingWitch/Content/KenneyJam2021/Geometry/Mesh/FoodKit/_material/_Inst_brownCream_4_rough.uasset" 229
"F:/Unreal Projects/kennyjam_test/RotatingWitch/Content/KenneyJam2021/Geometry/Mesh/FoodKit/puddingChoco.uasset" 230
"F:/Unreal Projects/kennyjam_test/RotatingWitch/Content/KenneyJam2021/Geometry/Mesh/FoodKit/puddingOriginal.uasset" 231
"F:/Unreal Projects/kennyjam_test/RotatingWitch/Content/KenneyJam2021/Geometry/Mesh/FoodKit/_material/_Inst_pumpkinOrange_6_rough.uasset" 232
"F:/Unreal Projects/kennyjam_test/RotatingWitch/Content/KenneyJam2021/Geometry/Mesh/FoodKit/pumpkin.uasset" 233
"F:/Unreal Projects/kennyjam_test/RotatingWitch/Content/KenneyJam2021/Geometry/Mesh/FoodKit/radish.uasset" 234
"F:/Unreal Projects/kennyjam_test/RotatingWitch/Content/KenneyJam2021/Geometry/Mesh/FoodKit/sandwich.uasset" 235
"F:/Unreal Projects/kennyjam_test/RotatingWitch/Content/KenneyJam2021/Geometry/Mesh/FoodKit/sausage.uasset" 236
"F:/Unreal Projects/kennyjam_test/RotatingWitch/Content/KenneyJam2021/Geometry/Mesh/FoodKit/sausageHalf.uasset" 237
"F:/Unreal Projects/kennyjam_test/RotatingWitch/Content/KenneyJam2021/Geometry/Mesh/FoodKit/skewer.uasset" 238
"F:/Unreal Projects/kennyjam_test/RotatingWitch/Content/KenneyJam2021/Geometry/Mesh/FoodKit/soda.uasset" 239
"F:/Unreal Projects/kennyjam_test/RotatingWitch/Content/KenneyJam2021/Geometry/Mesh/FoodKit/_material/_Inst_colaBrown_2_rough.uasset" 240
"F:/Unreal Projects/kennyjam_test/RotatingWitch/Content/KenneyJam2021/Geometry/Mesh/FoodKit/sodaBottleCoca.uasset" 241
"F:/Unreal Projects/kennyjam_test/RotatingWitch/Content/KenneyJam2021/Geometry/Mesh/FoodKit/_material/_Inst_PepsiBlue_3_rough.uasset" 242
"F:/Unreal Projects/kennyjam_test/RotatingWitch/Content/KenneyJam2021/Geometry/Mesh/FoodKit/sodaBottlePepsi.uasset" 243
"F:/Unreal Projects/kennyjam_test/RotatingWitch/Content/KenneyJam2021/Geometry/Mesh/FoodKit/_material/_Inst_orange_6_rough.uasset" 244
"F:/Unreal Projects/kennyjam_test/RotatingWitch/Content/KenneyJam2021/Geometry/Mesh/FoodKit/sodaCan.uasset" 245
"F:/Unreal Projects/kennyjam_test/RotatingWitch/Content/KenneyJam2021/Geometry/Mesh/FoodKit/sodaGlass.uasset" 246
"F:/Unreal Projects/kennyjam_test/RotatingWitch/Content/KenneyJam2021/Geometry/Mesh/FoodKit/styrofoamDinner.uasset" 247
"F:/Unreal Projects/kennyjam_test/RotatingWitch/Content/KenneyJam2021/Geometry/Mesh/FoodKit/_material/_Inst_tematoRedLite_6_rough.uasset" 248
"F:/Unreal Projects/kennyjam_test/RotatingWitch/Content/KenneyJam2021/Geometry/Mesh/FoodKit/subway.uasset" 249
"F:/Unreal Projects/kennyjam_test/RotatingWitch/Content/KenneyJam2021/Geometry/Mesh/FoodKit/sundae.uasset" 250
"F:/Unreal Projects/kennyjam_test/RotatingWitch/Content/KenneyJam2021/Geometry/Mesh/FoodKit/taco.uasset" 251
"F:/Unreal Projects/kennyjam_test/RotatingWitch/Content/KenneyJam2021/Geometry/Mesh/FoodKit/watermelon.uasset" 252
"F:/Unreal Projects/kennyjam_test/RotatingWitch/Content/KenneyJam2021/Geometry/Mesh/FoodKit/wholeHam.uasset" 253
"F:/Unreal Projects/kennyjam_test/RotatingWitch/Content/KenneyJam2021/Geometry/Mesh/FoodKit/wholerHam.uasset" 254
"F:/Unreal Projects/kennyjam_test/RotatingWitch/Content/KenneyJam2021/Geometry/Mesh/FoodKit/_material/_Inst_glassBlueLite.uasset" 255
"F:/Unreal Projects/kennyjam_test/RotatingWitch/Content/KenneyJam2021/Geometry/Mesh/Kitchen/_material/_Inst_potGrayLite_6_rough.uasset" 256
"F:/Unreal Projects/kennyjam_test/RotatingWitch/Content/KenneyJam2021/Geometry/Mesh/Kitchen/_material/_Inst_brownLite_8_rough_.uasset" 257
"F:/Unreal Projects/kennyjam_test/RotatingWitch/Content/KenneyJam2021/Geometry/Mesh/Kitchen/_material/_Inst_brownLite_8_rough.uasset" 258
"F:/Unreal Projects/kennyjam_test/RotatingWitch/Content/KenneyJam2021/Geometry/Mesh/Kitchen/barrel.uasset" 259
"F:/Unreal Projects/kennyjam_test/RotatingWitch/Content/KenneyJam2021/Geometry/Mesh/Kitchen/_material/_Inst_tematoRedLite_6_rough.uasset" 260
"F:/Unreal Projects/kennyjam_test/RotatingWitch/Content/KenneyJam2021/Geometry/Mesh/Kitchen/bottleKetchup.uasset" 261
"F:/Unreal Projects/kennyjam_test/RotatingWitch/Content/KenneyJam2021/Geometry/Mesh/Kitchen/_material/_Inst_cornYellow_6_rough.uasset" 262
"F:/Unreal Projects/kennyjam_test/RotatingWitch/Content/KenneyJam2021/Geometry/Mesh/Kitchen/bottleMusterd.uasset" 263
"F:/Unreal Projects/kennyjam_test/RotatingWitch/Content/KenneyJam2021/Geometry/Material/_Mat_metal_doubleside.uasset" 264
"F:/Unreal Projects/kennyjam_test/RotatingWitch/Content/KenneyJam2021/Geometry/Mesh/Kitchen/_material/_Mat_steel_doubleside_Inst.uasset" 265
"F:/Unreal Projects/kennyjam_test/RotatingWitch/Content/KenneyJam2021/Geometry/Mesh/Kitchen/_material/_Inst_breadBrownTan_8_rough.uasset" 266
"F:/Unreal Projects/kennyjam_test/RotatingWitch/Content/KenneyJam2021/Geometry/Mesh/Kitchen/cakeSlicer.uasset" 267
"F:/Unreal Projects/kennyjam_test/RotatingWitch/Content/KenneyJam2021/Geometry/Mesh/Kitchen/_material/_Inst_potGrayMid_6_rough.uasset" 268
"F:/Unreal Projects/kennyjam_test/RotatingWitch/Content/KenneyJam2021/Geometry/Mesh/Kitchen/can.uasset" 269
"F:/Unreal Projects/kennyjam_test/RotatingWitch/Content/KenneyJam2021/Geometry/Mesh/Kitchen/_material/_Inst_tematoRed_6_rough.uasset" 270
"F:/Unreal Projects/kennyjam_test/RotatingWitch/Content/KenneyJam2021/Geometry/Mesh/Kitchen/_material/_Inst_cterryRed_5_rough.uasset" 271
"F:/Unreal Projects/kennyjam_test/RotatingWitch/Content/KenneyJam2021/Geometry/Mesh/Kitchen/canOpen.uasset" 272
"F:/Unreal Projects/kennyjam_test/RotatingWitch/Content/KenneyJam2021/Geometry/Mesh/Kitchen/canSmall.uasset" 273
"F:/Unreal Projects/kennyjam_test/RotatingWitch/Content/KenneyJam2021/Geometry/Mesh/Kitchen/_material/_Inst_blueLite_6_rough.uasset" 274
"F:/Unreal Projects/kennyjam_test/RotatingWitch/Content/KenneyJam2021/Geometry/Mesh/Kitchen/_material/_Inst_milkWhite_6_rough.uasset" 275
"F:/Unreal Projects/kennyjam_test/RotatingWitch/Content/KenneyJam2021/Geometry/Mesh/Kitchen/carton.uasset" 276
"F:/Unreal Projects/kennyjam_test/RotatingWitch/Content/KenneyJam2021/Geometry/Mesh/Kitchen/_material/_Inst_strawberryYellow_6_rough.uasset" 277
"F:/Unreal Projects/kennyjam_test/RotatingWitch/Content/KenneyJam2021/Geometry/Mesh/Kitchen/cartonSmall.uasset" 278
"F:/Unreal Projects/kennyjam_test/RotatingWitch/Content/KenneyJam2021/Geometry/Mesh/Kitchen/_material/_Inst_brownMid_8_rough.uasset" 279
"F:/Unreal Projects/kennyjam_test/RotatingWitch/Content/KenneyJam2021/Geometry/Mesh/Kitchen/cheeseSlicer.uasset" 280
"F:/Unreal Projects/kennyjam_test/RotatingWitch/Content/KenneyJam2021/Geometry/Mesh/Kitchen/_material/_Inst_brownCream_6_rough.uasset" 281
"F:/Unreal Projects/kennyjam_test/RotatingWitch/Content/KenneyJam2021/Geometry/Mesh/Kitchen/chopstick.uasset" 282
"F:/Unreal Projects/kennyjam_test/RotatingWitch/Content/KenneyJam2021/Geometry/Mesh/Kitchen/_material/_Inst_strawberryRed_5_rough.uasset" 283
"F:/Unreal Projects/kennyjam_test/RotatingWitch/Content/KenneyJam2021/Geometry/Mesh/Kitchen/_material/_Inst_cornYellow_6_rough_2.uasset" 284
"F:/Unreal Projects/kennyjam_test/RotatingWitch/Content/KenneyJam2021/Geometry/Mesh/Kitchen/chopstickFancy.uasset" 285
"F:/Unreal Projects/kennyjam_test/RotatingWitch/Content/KenneyJam2021/Geometry/Mesh/Kitchen/cookingFork.uasset" 286
"F:/Unreal Projects/kennyjam_test/RotatingWitch/Content/KenneyJam2021/Geometry/Mesh/Kitchen/_material/_Mat_steelLite_doubleside_Inst.uasset" 287
"F:/Unreal Projects/kennyjam_test/RotatingWitch/Content/KenneyJam2021/Geometry/Mesh/Kitchen/cookingKnifeChopping.uasset" 288
"F:/Unreal Projects/kennyjam_test/RotatingWitch/Content/KenneyJam2021/Geometry/Mesh/Kitchen/cookingSpoon.uasset" 289
"F:/Unreal Projects/kennyjam_test/RotatingWitch/Content/KenneyJam2021/Geometry/Mesh/Kitchen/_material/_Inst_bowlNPlateBlueWhite_2_rough1.uasset" 290
"F:/Unreal Projects/kennyjam_test/RotatingWitch/Content/KenneyJam2021/Geometry/Mesh/Kitchen/cup.uasset" 291
"F:/Unreal Projects/kennyjam_test/RotatingWitch/Content/KenneyJam2021/Geometry/Mesh/Kitchen/_material/_Inst_potGray_4_rough.uasset" 292
"F:/Unreal Projects/kennyjam_test/RotatingWitch/Content/KenneyJam2021/Geometry/Mesh/Kitchen/_material/_INST_glassWhite.uasset" 293
"F:/Unreal Projects/kennyjam_test/RotatingWitch/Content/KenneyJam2021/Geometry/Mesh/Kitchen/fryingPanLid.uasset" 294
"F:/Unreal Projects/kennyjam_test/RotatingWitch/Content/KenneyJam2021/Geometry/Mesh/Kitchen/gingerBreadCutter.uasset" 295
"F:/Unreal Projects/kennyjam_test/RotatingWitch/Content/KenneyJam2021/Geometry/Mesh/Kitchen/_material/_Inst_glassBlueLite.uasset" 296
"F:/Unreal Projects/kennyjam_test/RotatingWitch/Content/KenneyJam2021/Geometry/Mesh/Kitchen/glass.uasset" 297
"F:/Unreal Projects/kennyjam_test/RotatingWitch/Content/KenneyJam2021/Geometry/Mesh/Kitchen/glassWine.uasset" 298
"F:/Unreal Projects/kennyjam_test/RotatingWitch/Content/KenneyJam2021/Geometry/Mesh/Kitchen/kitchenBlender.uasset" 299
"F:/Unreal Projects/kennyjam_test/RotatingWitch/Content/KenneyJam2021/Geometry/Mesh/Kitchen/_material/_Inst_breadBrownExtraLite_8_rough.uasset" 300
"F:/Unreal Projects/kennyjam_test/RotatingWitch/Content/KenneyJam2021/Geometry/Mesh/Kitchen/kitchenCoffeeMachine_kitchenCoffeeMachine.uasset" 301
"F:/Unreal Projects/kennyjam_test/RotatingWitch/Content/KenneyJam2021/Geometry/Mesh/Kitchen/kitchenCoffeeMachine_mug.uasset" 302
"F:/Unreal Projects/kennyjam_test/RotatingWitch/Content/KenneyJam2021/Geometry/Mesh/Kitchen/meatTenderizer.uasset" 303
"F:/Unreal Projects/kennyjam_test/RotatingWitch/Content/KenneyJam2021/Geometry/Mesh/Kitchen/mortar.uasset" 304
"F:/Unreal Projects/kennyjam_test/RotatingWitch/Content/KenneyJam2021/Geometry/Mesh/Kitchen/mortarPestle.uasset" 305
"F:/Unreal Projects/kennyjam_test/RotatingWitch/Content/KenneyJam2021/Geometry/Mesh/Kitchen/mug.uasset" 306
"F:/Unreal Projects/kennyjam_test/RotatingWitch/Content/KenneyJam2021/Geometry/Mesh/Kitchen/pan.uasset" 307
"F:/Unreal Projects/kennyjam_test/RotatingWitch/Content/KenneyJam2021/Geometry/Mesh/Kitchen/pizzaBox.uasset" 308
"F:/Unreal Projects/kennyjam_test/RotatingWitch/Content/KenneyJam2021/Geometry/Mesh/Kitchen/_material/_Inst_breadBrownMid_8_rough.uasset" 309
"F:/Unreal Projects/kennyjam_test/RotatingWitch/Content/KenneyJam2021/Geometry/Mesh/Kitchen/pizzaCutter.uasset" 310
"F:/Unreal Projects/kennyjam_test/RotatingWitch/Content/KenneyJam2021/Geometry/Mesh/Kitchen/popsicleStick.uasset" 311
"F:/Unreal Projects/kennyjam_test/RotatingWitch/Content/KenneyJam2021/Geometry/Mesh/Kitchen/pot.uasset" 312
"F:/Unreal Projects/kennyjam_test/RotatingWitch/Content/KenneyJam2021/Geometry/Mesh/Kitchen/potLid.uasset" 313
"F:/Unreal Projects/kennyjam_test/RotatingWitch/Content/KenneyJam2021/Geometry/Mesh/Kitchen/_material/_Inst_breadBrownLite_8_rough.uasset" 314
"F:/Unreal Projects/kennyjam_test/RotatingWitch/Content/KenneyJam2021/Geometry/Mesh/Kitchen/rollingPin.uasset" 315
"F:/Unreal Projects/kennyjam_test/RotatingWitch/Content/KenneyJam2021/Geometry/Mesh/Kitchen/_material/_Inst_musselSheelBrown_4_rough.uasset" 316
"F:/Unreal Projects/kennyjam_test/RotatingWitch/Content/KenneyJam2021/Geometry/Mesh/Kitchen/_material/_Inst_bowlNPlateBlueGray_2_rough.uasset" 317
"F:/Unreal Projects/kennyjam_test/RotatingWitch/Content/KenneyJam2021/Geometry/Mesh/Kitchen/soy.uasset" 318
"F:/Unreal Projects/kennyjam_test/RotatingWitch/Content/KenneyJam2021/Geometry/Mesh/Kitchen/steamer.uasset" 319
"F:/Unreal Projects/kennyjam_test/RotatingWitch/Content/KenneyJam2021/Geometry/Mesh/Kitchen/styrofoam.uasset" 320
"F:/Unreal Projects/kennyjam_test/RotatingWitch/Content/KenneyJam2021/Geometry/Mesh/Kitchen/tajine.uasset" 321
"F:/Unreal Projects/kennyjam_test/RotatingWitch/Content/KenneyJam2021/Geometry/Mesh/Kitchen/_material/_Inst_appleYellow_8_rough.uasset" 322
"F:/Unreal Projects/kennyjam_test/RotatingWitch/Content/KenneyJam2021/Geometry/Mesh/Kitchen/_material/_Inst_avocadoGreen_6_rough.uasset" 323
"F:/Unreal Projects/kennyjam_test/RotatingWitch/Content/KenneyJam2021/Geometry/Mesh/Kitchen/_material/_Inst_bananaGreen_8_rough.uasset" 324
"F:/Unreal Projects/kennyjam_test/RotatingWitch/Content/KenneyJam2021/Geometry/Mesh/Kitchen/_material/_Inst_bowlNPlategray_2_rough.uasset" 325
"F:/Unreal Projects/kennyjam_test/RotatingWitch/Content/KenneyJam2021/Geometry/Mesh/Kitchen/_material/_Inst_breadBrownMid_4_rough.uasset" 326
"F:/Unreal Projects/kennyjam_test/RotatingWitch/Content/KenneyJam2021/Geometry/Mesh/Kitchen/_material/_Inst_carrotsOrange_6_rough.uasset" 327
"F:/Unreal Projects/kennyjam_test/RotatingWitch/Content/KenneyJam2021/Geometry/Mesh/Kitchen/_material/_Inst_chocoBrownLite_8_rough.uasset" 328
"F:/Unreal Projects/kennyjam_test/RotatingWitch/Content/KenneyJam2021/Geometry/Mesh/Kitchen/_material/_Inst_chocoBrownMid_8_rough.uasset" 329
"F:/Unreal Projects/kennyjam_test/RotatingWitch/Content/KenneyJam2021/Geometry/Mesh/Kitchen/_material/_INST_glassWhite_2.uasset" 330
"F:/Unreal Projects/kennyjam_test/RotatingWitch/Content/KenneyJam2021/Geometry/Mesh/Kitchen/_material/_Inst_steakBrownMid_7_rough.uasset" 331
"F:/Unreal Projects/kennyjam_test/RotatingWitch/Content/KenneyJam2021/Maps/Level1_BuiltData.uasset" 332
"F:/Unreal Projects/kennyjam_test/RotatingWitch/Content/KenneyJam2021/Maps/Level2_BuiltData.uasset" 333
"F:/Unreal Projects/kennyjam_test/RotatingWitch/Content/KenneyJam2021/Sound/KennyJam2021.uasset" 334
"F:/Unreal Projects/kennyjam_test/RotatingWitch/Content/KenneyJam2021/Sound/background_Cue.uasset" 335
"F:/Unreal Projects/kennyjam_test/RotatingWitch/Content/KenneyJam2021/Sound/Background.uasset" 336
"F:/Unreal Projects/kennyjam_test/RotatingWitch/Content/KenneyJam2021/Sound/KennyJam2021_Unmixed2_Cue.uasset" 337
"F:/Unreal Projects/kennyjam_test/RotatingWitch/Content/KenneyJam2021/Widget/UI_Elements/button/Button_hover.uasset" 338
"F:/Unreal Projects/kennyjam_test/RotatingWitch/Content/KenneyJam2021/Widget/Button_hover.uasset" 339
"F:/Unreal Projects/kennyjam_test/RotatingWitch/Content/KenneyJam2021/Widget/UI_Elements/button/Button_normal.uasset" 340
"F:/Unreal Projects/kennyjam_test/RotatingWitch/Content/KenneyJam2021/Widget/Button_normal.uasset" 341
"F:/Unreal Projects/kennyjam_test/RotatingWitch/Content/KenneyJam2021/Widget/UI_Elements/button/Button_release.uasset" 342
"F:/Unreal Projects/kennyjam_test/RotatingWitch/Content/KenneyJam2021/Widget/Button_release.uasset" 343
"F:/Unreal Projects/kennyjam_test/RotatingWitch/Content/KenneyJam2021/Widget/GloriaHallelujah-Regular.uasset" 344
"F:/Unreal Projects/kennyjam_test/RotatingWitch/Content/KenneyJam2021/Widget/GloriaHallelujah-Regular_Font1.uasset" 345
"F:/Unreal Projects/kennyjam_test/RotatingWitch/Content/KenneyJam2021/Widget/ComingSoon-Regular_Font.uasset" 346
"F:/Unreal Projects/kennyjam_test/RotatingWitch/Content/KenneyJam2021/Widget/GloriaHallelujah-Regular_Font.uasset" 347
"F:/Unreal Projects/kennyjam_test/RotatingWitch/Content/KenneyJam2021/Widget/Pacifico-Regular_Font.uasset" 348
"F:/Unreal Projects/kennyjam_test/RotatingWitch/Content/KenneyJam2021/Widget/ShadowsIntoLight-Regular_Font.uasset" 349
"F:/Unreal Projects/kennyjam_test/RotatingWitch/Content/KenneyJam2021/Widget/UI_Elements/dialog/cloud4.uasset" 350
"F:/Unreal Projects/kennyjam_test/RotatingWitch/Content/KenneyJam2021/Geometry/Material/_Inst_bowlNPlateBlueWhite_2_rough1.uasset" 351
"F:/Unreal Projects/kennyjam_test/RotatingWitch/Content/KenneyJam2021/Sprite/_Inst_bowlNPlateBlueWhite_2_rough1.uasset" 352
"F:/Unreal Projects/kennyjam_test/RotatingWitch/Content/KenneyJam2021/Widget/UI_Elements/icon/pointer.uasset" 353
"F:/Unreal Projects/kennyjam_test/RotatingWitch/Content/KenneyJam2021/Widget/MouseCursor.uasset" 354
"F:/Unreal Projects/kennyjam_test/RotatingWitch/Content/KenneyJam2021/Widget/UI_Elements/Logo/Kenney_Jam_Logo.uasset" 355
"../../../Engine/Content/ArtTools/RenderToTexture/Meshes/S_1_Unit_Plane.uasset" 356
"../../../Engine/Content/EngineMaterials/DefaultMaterial.uasset" 357
"../../../Engine/Content/BasicShapes/Cone.uasset" 358
"../../../Engine/Content/BasicShapes/Cube.uasset" 359
"../../../Engine/Content/BasicShapes/Plane.uasset" 360
"../../../Engine/Content/EditorLandscapeResources/DataLayer.uasset" 361
"../../../Engine/Content/EditorLandscapeResources/DefaultAlphaTexture.uasset" 362
"../../../Engine/Content/EditorMaterials/MAT_Groups_Toggle.uasset" 363
"../../../Engine/Content/EditorMaterials/MAT_Groups_Visibility.uasset" 364
"../../../Engine/Content/EditorMaterials/PreviewShadowIndicator.uasset" 365
"../../../Engine/Content/EditorMaterials/PreviewShadowIndicatorMaterial.uasset" 366
"../../../Engine/Content/EditorMaterials/MatineeGroups/MAT_ColorTrack.uasset" 367
"../../../Engine/Content/EditorMaterials/MatineeGroups/MAT_Groups_Anim.uasset" 368
"../../../Engine/Content/EditorMaterials/MatineeGroups/MAT_Groups_AudioMaster.uasset" 369
"../../../Engine/Content/EditorMaterials/MatineeGroups/MAT_Groups_Director.uasset" 370
"../../../Engine/Content/EditorMaterials/MatineeGroups/MAT_Groups_Event.uasset" 371
"../../../Engine/Content/EditorMaterials/MatineeGroups/MAT_Groups_Fade.uasset" 372
"../../../Engine/Content/EditorMaterials/MatineeGroups/MAT_Groups_Float.uasset" 373
"../../../Engine/Content/EditorMaterials/MatineeGroups/MAT_Groups_Move.uasset" 374
"../../../Engine/Content/EditorMaterials/MatineeGroups/MAT_Groups_Slomo.uasset" 375
"../../../Engine/Content/EditorMaterials/MatineeGroups/MAT_Groups_Sound.uasset" 376
"../../../Engine/Content/EditorMaterials/MatineeGroups/MAT_Groups_Vector.uasset" 377
"../../../Engine/Content/EditorMaterials/ParticleSystems/PSysThumbnail_NoImage.uasset" 378
"../../../Engine/Content/EditorMaterials/ParticleSystems/PSysThumbnail_OOD.uasset" 379
"../../../Engine/Content/EditorMaterials/Camera/CineMat.uasset" 380
"../../../Engine/Content/EditorMaterials/Camera/MI_CineMat_Rig.uasset" 381
"../../../Engine/Content/EditorMeshes/Camera/SM_CraneRig_Arm.uasset" 382
"../../../Engine/Content/EditorMeshes/Camera/SM_CraneRig_Base.uasset" 383
"../../../Engine/Content/EditorMeshes/Camera/SM_CraneRig_Body.uasset" 384
"../../../Engine/Content/EditorMeshes/Camera/SM_CraneRig_Mount.uasset" 385
"../../../Engine/Content/EditorMeshes/Camera/SM_RailRig_Mount.uasset" 386
"../../../Engine/Content/EditorMeshes/Camera/SM_RailRig_Track.uasset" 387
"../../../Engine/Content/EditorResources/BSPVertex.uasset" 388
"../../../Engine/Content/EditorResources/EmptyActor.uasset" 389
"../../../Engine/Content/EditorResources/S_Actor.uasset" 390
"../../../Engine/Content/EditorResources/S_Note.uasset" 391
"../../../Engine/Content/EditorResources/S_Solver.uasset" 392
"../../../Engine/Content/EditorResources/S_Terrain.uasset" 393
"../../../Engine/Content/EditorResources/S_Trigger.uasset" 394
"../../../Engine/Content/EditorResources/SequenceRecorder/Countdown.uasset" 395
"../../../Engine/Content/EditorResources/SequenceRecorder/RecordingIndicator.uasset" 396
"../../../Engine/Content/EngineDamageTypes/DmgTypeBP_Environmental.uasset" 397
"../../../Engine/Content/EngineDebugMaterials/DebugEditorMaterial.uasset" 398
"../../../Engine/Content/EngineDebugMaterials/DebugMeshMaterial.uasset" 399
"../../../Engine/Content/EngineDebugMaterials/M_SimpleUnlitTranslucent.uasset" 400
"../../../Engine/Content/EngineDebugMaterials/VolumeToRender.uasset" 401
"../../../Engine/Content/Functions/Engine_MaterialFunctions02/Utility/CameraDirectionVector.uasset" 402
"../../../Engine/Content/EngineDebugMaterials/M_VolumeRenderSphereTracePP.uasset" 403
"../../../Engine/Content/Functions/Engine_MaterialFunctions01/Shading/ConvertFromDiffSpec.uasset" 404
"../../../Engine/Content/EngineDebugMaterials/VertexColorMaterial.uasset" 405
"../../../Engine/Content/EngineDebugMaterials/WireframeMaterial.uasset" 406
"../../../Engine/Content/EngineFonts/Faces/RobotoRegular.uasset" 407
"../../../Engine/Content/EngineFonts/Faces/RobotoLight.uasset" 408
"../../../Engine/Content/EngineFonts/Faces/RobotoItalic.uasset" 409
"../../../Engine/Content/EngineFonts/Faces/RobotoBoldItalic.uasset" 410
"../../../Engine/Content/EngineFonts/Faces/RobotoBold.uasset" 411
"../../../Engine/Content/EngineFonts/Faces/DroidSansFallback.uasset" 412
"../../../Engine/Content/EngineFonts/Roboto.uasset" 413
"../../../Engine/Content/EngineMaterials/BaseFlattenNormalMap.uasset" 414
"../../../Engine/Content/EngineMaterials/BaseFlattenGrayscaleMap.uasset" 415
"../../../Engine/Content/EngineMaterials/BaseFlattenEmissiveMap.uasset" 416
"../../../Engine/Content/EngineMaterials/BaseFlattenDiffuseMap.uasset" 417
"../../../Engine/Content/EngineMaterials/BaseFlattenMaterial.uasset" 418
"../../../Engine/Content/EngineMaterials/BlueNoise.uasset" 419
"../../../Engine/Content/EngineMaterials/DefaultBloomKernel.uasset" 420
"../../../Engine/Content/EngineMaterials/DefaultBokeh.uasset" 421
"../../../Engine/Content/EngineMaterials/DefaultDiffuse.uasset" 422
"../../../Engine/Content/EngineMaterials/DefaultDeferredDecalMaterial.uasset" 423
"../../../Engine/Content/EngineMaterials/DefaultLightFunctionMaterial.uasset" 424
"../../../Engine/Content/EngineMaterials/DefaultPhysicalMaterial.uasset" 425
"../../../Engine/Content/Functions/Engine_MaterialFunctions02/Utility/BreakOutFloat2Components.uasset" 426
"../../../Engine/Content/EngineMaterials/DefaultPostProcessMaterial.uasset" 427
"../../../Engine/Content/EngineFonts/RobotoDistanceField.uasset" 428
"../../../Engine/Content/EngineMaterials/DefaultTextMaterialOpaque.uasset" 429
"../../../Engine/Content/EngineMaterials/DefaultWhiteGrid.uasset" 430
"../../../Engine/Content/EngineMaterials/DefaultWhiteGrid_Low.uasset" 431
"../../../Engine/Content/EngineMaterials/EmissiveMeshMaterial.uasset" 432
"../../../Engine/Content/EngineMaterials/GizmoMaterial.uasset" 433
"../../../Engine/Content/EngineMaterials/Good64x64TilingNoiseHighFreq.uasset" 434
"../../../Engine/Content/EngineMaterials/MiniFont.uasset" 435
"../../../Engine/Content/EngineMaterials/InvalidLightmapSettings.uasset" 436
"../../../Engine/Content/EngineMaterials/M_InvalidLightmapSettings.uasset" 437
"../../../Engine/Content/Functions/Engine_MaterialFunctions02/WorldPositionOffset/CameraOffset.uasset" 438
"../../../Engine/Content/EngineMaterials/PhAT_JointLimitMaterial.uasset" 439
"../../../Engine/Content/EngineMaterials/PreintegratedSkinBRDF.uasset" 440
"../../../Engine/Content/EngineMaterials/RemoveSurfaceMaterial.uasset" 441
"../../../Engine/Content/EngineMaterials/WeightMapPlaceholderTexture.uasset" 442
"../../../Engine/Content/EngineResources/WhiteSquareTexture.uasset" 443
"../../../Engine/Content/EngineMaterials/Widget3DPassThrough.uasset" 444
"../../../Engine/Content/EngineMaterials/Widget3DPassThrough_Masked.uasset" 445
"../../../Engine/Content/EngineMaterials/Widget3DPassThrough_Opaque.uasset" 446
"../../../Engine/Content/EngineMaterials/Widget3DPassThrough_Masked_OneSided.uasset" 447
"../../../Engine/Content/EngineMaterials/Widget3DPassThrough_Opaque_OneSided.uasset" 448
"../../../Engine/Content/EngineMaterials/Widget3DPassThrough_Translucent.uasset" 449
"../../../Engine/Content/EngineMaterials/Widget3DPassThrough_Translucent_OneSided.uasset" 450
"../../../Engine/Content/EngineMeshes/Cylinder.uasset" 451
"../../../Engine/Content/EngineMeshes/Sphere.uasset" 452
"../../../Engine/Content/EngineResources/Black.uasset" 453
"../../../Engine/Content/EngineResources/DefaultTextureCube.uasset" 454
"../../../Engine/Content/EngineResources/DefaultVolumeTexture2D.uasset" 455
"../../../Engine/Content/EngineResources/DefaultVolumeTexture.uasset" 456
"../../../Engine/Content/EngineResources/GradientTexture0.uasset" 457
"../../../Engine/Content/EngineSky/VolumetricClouds/T_NoiseShape64.uasset" 458
"../../../Engine/Content/EngineSky/VolumetricClouds/T_VolumeNoiseShape64.uasset" 459
"../../../Engine/Content/EngineSky/VolumetricClouds/T_NoiseErosion.uasset" 460
"../../../Engine/Content/EngineSky/VolumetricClouds/T_VolumeNoiseErosion32.uasset" 461
"../../../Engine/Content/EngineSky/VolumetricClouds/CloudWeatherTexture.uasset" 462
"../../../Engine/Content/EngineSky/VolumetricClouds/CloudGradientTexture.uasset" 463
"../../../Engine/Content/Functions/Engine_MaterialFunctions02/Utility/MakeFloat2.uasset" 464
"../../../Engine/Content/EngineSky/VolumetricClouds/m_SimpleVolumetricCloud.uasset" 465
"../../../Engine/Content/EngineSky/VolumetricClouds/m_SimpleVolumetricCloud_Inst.uasset" 466
"../../../Engine/Content/EngineSounds/Master.uasset" 467
"../../../Engine/Content/Functions/Engine_MaterialFunctions01/Shading/PowerToRoughness.uasset" 468
"../../../Engine/Content/Maps/Templates/Thumbnails/Default.uasset" 469
"../../../Engine/Content/Maps/Templates/Thumbnails/TimeOfDay.uasset" 470
"../../../Engine/Content/Maps/Templates/Thumbnails/VR-Basic.uasset" 471
"../../../Engine/Content/MobileResources/T_MobileControls_texture.uasset" 472
"../../../Engine/Content/MobileResources/T_MobileMenu2.uasset" 473
"../../../Engine/Content/MobileResources/HUD/AnalogHat.uasset" 474
"../../../Engine/Content/MobileResources/HUD/VirtualJoystick_Thumb.uasset" 475
"../../../Engine/Content/MobileResources/HUD/VirtualJoystick_Background.uasset" 476
"../../../Engine/Content/MobileResources/HUD/DefaultVirtualJoysticks.uasset" 477
"../../../Engine/Content/MobileResources/HUD/LeftVirtualJoystickOnly.uasset" 478
"../../../Engine/Content/MobileResources/HUD/MobileHUDButton1_off.uasset" 479
"../../../Engine/Content/MobileResources/HUD/MobileHUDButton1_on.uasset" 480
"../../../Engine/Content/MobileResources/HUD/MobileHUDButton2_off.uasset" 481
"../../../Engine/Content/MobileResources/HUD/MobileHUDButton2_on.uasset" 482
"../../../Engine/Content/MobileResources/HUD/MobileHUDButton3.uasset" 483
"../../../Engine/Content/MobileResources/HUD/MobileHUDButtonFire.uasset" 484
"../../../Engine/Content/MobileResources/HUD/MobileHUDDirectionPad.uasset" 485
"../../../Engine/Content/MobileResources/HUD/MobileHUDDirectionPad2.uasset" 486
"../../../Engine/Content/MobileResources/HUD/MobileHUDDirectionPad3.uasset" 487
"../../../Engine/Content/MobileResources/HUD/MobileHUDDirectionStick.uasset" 488
"../../../Engine/Content/MobileResources/HUD/T_Castle_ThumbstickInner.uasset" 489
"../../../Engine/Content/MobileResources/HUD/T_Castle_ThumbstickOutter.uasset" 490
"../../../Engine/Content/Tutorial/ContentIntroCurve.uasset" 491
"../../../Engine/Content/Tutorial/Basics/LevelEditorAttract.uasset" 492
"../../../Engine/Content/Tutorial/Basics/TutorialAssets/icon_tab_Levels_40x.uasset" 493
"../../../Engine/Content/Tutorial/Basics/LevelEditorOverview.uasset" 494
"../../../Engine/Content/Tutorial/Installation/InstallingVisualStudioTutorial.uasset" 495
"../../../Engine/Content/VREditor/TransformGizmo/TranslucentTransformGizmoMaterial.uasset" 496
"../../../Engine/Content/VREditor/LaserPointer/VR_LaserPower_01.uasset" 497
"../../../Engine/Content/VREditor/TransformGizmo/TransformGizmoMaterial.uasset" 498
"../../../Engine/Content/VREditor/TransformGizmo/BoundingBoxCorner.uasset" 499
"../../../Engine/Content/VREditor/TransformGizmo/BoundingBoxEdge.uasset" 500
"../../../Engine/Content/VREditor/TransformGizmo/PlaneTranslationHandle.uasset" 501
"../../../Engine/Content/VREditor/TransformGizmo/Xray.uasset" 502
"../../../Engine/Content/VREditor/TransformGizmo/Main.uasset" 503
"../../../Engine/Content/VREditor/TransformGizmo/SM_Sequencer_Key.uasset" 504
"../../../Engine/Content/VREditor/TransformGizmo/SM_Sequencer_Node.uasset" 505
"../../Plugins/2D/Paper2D/Content/PlaceholderTextures/DummySpriteTexture.uasset" 506
"../../Plugins/2D/Paper2D/Content/DummySprite.uasset" 507
"../../Plugins/2D/Paper2D/Content/DefaultPaperTerrainMaterial.uasset" 508
"../../Plugins/2D/Paper2D/Content/DefaultSpriteMaterial.uasset" 509
"../../Plugins/2D/Paper2D/Content/MaskedUnlitSpriteMaterial.uasset" 510
"../../Plugins/2D/Paper2D/Content/OpaqueUnlitSpriteMaterial.uasset" 511
"../../../Engine/Content/Functions/Engine_MaterialFunctions02/Utility/BreakOutFloat3Components.uasset" 512
"../../../Engine/Content/Functions/Engine_MaterialFunctions02/ObjectLocalBounds.uasset" 513
"../../Plugins/Editor/SpeedTreeImporter/Content/SpeedTree9/UnpackInteger3.uasset" 514
"../../Plugins/Editor/SpeedTreeImporter/Content/SpeedTree9/UnpackDirection.uasset" 515
"../../Plugins/Editor/SpeedTreeImporter/Content/SpeedTree9/game_wind_noise.uasset" 516
"../../../Engine/Content/Functions/Engine_MaterialFunctions02/SafeNormalize.uasset" 517
"../../Plugins/Editor/SpeedTreeImporter/Content/SpeedTree9/SpeedTreeWindMotion.uasset" 518
"../../Plugins/Editor/SpeedTreeImporter/Content/SpeedTree9/SpeedTreeBranchMotion.uasset" 519
"../../../Engine/Content/Functions/Engine_MaterialFunctions02/UVs/BoundingBoxBased_0-1_UVW.uasset" 520
"../../Plugins/Editor/SpeedTreeImporter/Content/SpeedTree9/SpeedTreeWind.uasset" 521
"../../Plugins/Editor/SpeedTreeImporter/Content/SpeedTree9/SpeedTreeBillboard.uasset" 522
"../../../Engine/Content/EngineResources/DefaultTexture.uasset" 523
"../../Plugins/Editor/SpeedTreeImporter/Content/SpeedTree9/SpeedTreeBillboardMaster.uasset" 524
"../../Plugins/Editor/SpeedTreeImporter/Content/SpeedTree9/SpeedTreeCameraFacing.uasset" 525
"../../Plugins/Editor/SpeedTreeImporter/Content/SpeedTree9/SpeedTreeMaster.uasset" 526
"../../../Engine/Content/BasicShapes/Cylinder.uasset" 527
"../../../Engine/Content/ArtTools/RenderToTexture/Materials/Debug/M_Emissive_Color.uasset" 528
"../../Plugins/Lumin/MagicLeapPassableWorld/Content/MagicLeapARPinInfoActor.uasset" 529
"../../../Engine/Content/Functions/Engine_MaterialFunctions02/Utility/BreakOutFloat4Components.uasset" 530
"../../../Engine/Content/Functions/Engine_MaterialFunctions02/Utility/MakeFloat3.uasset" 531
"../../Plugins/Runtime/Oculus/OculusVR/Content/Materials/OculusMR_ChromaKey.uasset" 532
"../../Plugins/Runtime/Oculus/OculusVR/Content/Materials/OculusMR_OpaqueColoredMaterial.uasset" 533
"../../Plugins/Runtime/Oculus/OculusVR/Content/Materials/PokeAHoleMaterial.uasset" 534
"../../../Engine/Content/MapTemplates/SM_Template_Map_Floor.uasset" 535
"../../../Engine/Content/BasicShapes/Sphere.uasset" 536
"F:/Unreal Projects/kennyjam_test/RotatingWitch/Content/KenneyJam2021/Maps/Light/_Mat_PostProcess.uasset" 537
"F:/Unreal Projects/kennyjam_test/RotatingWitch/Content/KenneyJam2021/Maps/_Mat_PostProcess.uasset" 538
"F:/Unreal Projects/kennyjam_test/RotatingWitch/Content/KenneyJam2021/Sprite/_Mat_PostProcess.uasset" 539
"../../../Engine/Content/MapTemplates/TilingNoise05.uasset" 540
"../../../Engine/Content/Functions/Engine_MaterialFunctions02/SplitComponents.uasset" 541
"../../../Engine/Content/EngineSky/M_SkyTimeOfDay.uasset" 542
"F:/Unreal Projects/kennyjam_test/RotatingWitch/Content/KenneyJam2021/Geometry/Mesh/Kitchen/_material/_Inst_springOnionGreen_6_rough.uasset" 543
"F:/Unreal Projects/kennyjam_test/RotatingWitch/Content/KenneyJam2021/Geometry/Mesh/Kitchen/_material/_Inst_leafGreenLite_6_rough1.uasset" 544
"F:/Unreal Projects/kennyjam_test/RotatingWitch/Content/KenneyJam2021/Geometry/Mesh/Kitchen/_material/_Inst_greenLite_6_rough.uasset" 545
"F:/Unreal Projects/kennyjam_test/RotatingWitch/Content/KenneyJam2021/Geometry/Mesh/Kitchen/_material/_Inst_cheeseYellowMid_5_rough.uasset" 546
"F:/Unreal Projects/kennyjam_test/RotatingWitch/Content/KenneyJam2021/Geometry/Mesh/Kitchen/_material/_Inst_cheeseYellowLite_5_rough.uasset" 547
"F:/Unreal Projects/kennyjam_test/RotatingWitch/Content/KenneyJam2021/Geometry/Mesh/Kitchen/_material/_Inst_appleRed_6_rough.uasset" 548
"F:/Unreal Projects/kennyjam_test/RotatingWitch/Content/KenneyJam2021/Geometry/Mesh/Kitchen/_material/_Inst_blueGreenMid_4_rough.uasset" 549
"F:/Unreal Projects/kennyjam_test/RotatingWitch/Content/KenneyJam2021/Geometry/Mesh/Kitchen/wineWhite.uasset" 550
"F:/Unreal Projects/kennyjam_test/RotatingWitch/Content/KenneyJam2021/Geometry/Mesh/Kitchen/wineRed.uasset" 551
"F:/Unreal Projects/kennyjam_test/RotatingWitch/Content/KenneyJam2021/Geometry/Material/_Inst_musselSheelBrown_4_rough.uasset" 552
"F:/Unreal Projects/kennyjam_test/RotatingWitch/Content/KenneyJam2021/Geometry/Mesh/Kitchen/bottleOil.uasset" 553
"F:/Unreal Projects/kennyjam_test/RotatingWitch/Content/KenneyJam2021/Geometry/Mesh/Kitchen/utensilKnife.uasset" 554
"F:/Unreal Projects/kennyjam_test/RotatingWitch/Content/KenneyJam2021/Geometry/Mesh/Kitchen/utensilFork.uasset" 555
"F:/Unreal Projects/kennyjam_test/RotatingWitch/Content/KenneyJam2021/Geometry/Mesh/Kitchen/_material/_Inst_potGrayMid_4_rough.uasset" 556
"F:/Unreal Projects/kennyjam_test/RotatingWitch/Content/KenneyJam2021/Geometry/Mesh/Kitchen/shakerSalt.uasset" 557
"F:/Unreal Projects/kennyjam_test/RotatingWitch/Content/KenneyJam2021/Geometry/Mesh/Kitchen/_material/_Inst_brownExtraLite_6_rough.uasset" 558
"F:/Unreal Projects/kennyjam_test/RotatingWitch/Content/KenneyJam2021/Geometry/Mesh/Kitchen/shakerPepper.uasset" 559
"F:/Unreal Projects/kennyjam_test/RotatingWitch/Content/KenneyJam2021/Geometry/Mesh/Kitchen/plateRectangle.uasset" 560
"F:/Unreal Projects/kennyjam_test/RotatingWitch/Content/KenneyJam2021/Geometry/Mesh/Kitchen/plate.uasset" 561
"F:/Unreal Projects/kennyjam_test/RotatingWitch/Content/KenneyJam2021/Geometry/Mesh/Kitchen/_material/_Inst_breadBrownDark_8_rough.uasset" 562
"F:/Unreal Projects/kennyjam_test/RotatingWitch/Content/KenneyJam2021/Geometry/Mesh/Kitchen/pepperMill.uasset" 563
"F:/Unreal Projects/kennyjam_test/RotatingWitch/Content/KenneyJam2021/Geometry/Mesh/Kitchen/_material/_Inst_greenMid_6_rough.uasset" 564
"F:/Unreal Projects/kennyjam_test/RotatingWitch/Content/KenneyJam2021/Geometry/Mesh/Kitchen/knifeBlock.uasset" 565
"F:/Unreal Projects/kennyjam_test/RotatingWitch/Content/KenneyJam2021/Geometry/Mesh/Kitchen/fryingPan.uasset" 566
"F:/Unreal Projects/kennyjam_test/RotatingWitch/Content/KenneyJam2021/Geometry/Mesh/Kitchen/eggCup.uasset" 567
"F:/Unreal Projects/kennyjam_test/RotatingWitch/Content/KenneyJam2021/Geometry/Mesh/Kitchen/cuttingBoardRound.uasset" 568
"F:/Unreal Projects/kennyjam_test/RotatingWitch/Content/KenneyJam2021/Geometry/Mesh/Kitchen/cuttingBoard.uasset" 569
"F:/Unreal Projects/kennyjam_test/RotatingWitch/Content/KenneyJam2021/Geometry/Mesh/Kitchen/cookingSpatula.uasset" 570
"F:/Unreal Projects/kennyjam_test/RotatingWitch/Content/KenneyJam2021/Geometry/Mesh/Kitchen/cookingKnife.uasset" 571
"F:/Unreal Projects/kennyjam_test/RotatingWitch/Content/KenneyJam2021/Geometry/Mesh/FoodKit/_material/_Inst_pearYellow_6_rough.uasset" 572
"F:/Unreal Projects/kennyjam_test/RotatingWitch/Content/KenneyJam2021/Geometry/Mesh/FoodKit/turkey.uasset" 573
"F:/Unreal Projects/kennyjam_test/RotatingWitch/Content/KenneyJam2021/Geometry/Mesh/FoodKit/tomatoSlice.uasset" 574
"F:/Unreal Projects/kennyjam_test/RotatingWitch/Content/KenneyJam2021/Geometry/Mesh/FoodKit/skewerVegetables.uasset" 575
"F:/Unreal Projects/kennyjam_test/RotatingWitch/Content/KenneyJam2021/Geometry/Mesh/FoodKit/salad.uasset" 576
"F:/Unreal Projects/kennyjam_test/RotatingWitch/Content/KenneyJam2021/Geometry/Mesh/FoodKit/pumpkinBasic.uasset" 577
"F:/Unreal Projects/kennyjam_test/RotatingWitch/Content/KenneyJam2021/Geometry/Mesh/FoodKit/potStew.uasset" 578
"F:/Unreal Projects/kennyjam_test/RotatingWitch/Content/KenneyJam2021/Geometry/Mesh/FoodKit/eggHalf.uasset" 579
"F:/Unreal Projects/kennyjam_test/RotatingWitch/Content/KenneyJam2021/Geometry/Mesh/FoodKit/donutSprinkles.uasset" 580
"F:/Unreal Projects/kennyjam_test/RotatingWitch/Content/KenneyJam2021/Geometry/Mesh/FoodKit/donutChocolate.uasset" 581
"F:/Unreal Projects/kennyjam_test/RotatingWitch/Content/KenneyJam2021/Geometry/Mesh/FoodKit/donut.uasset" 582
"F:/Unreal Projects/kennyjam_test/RotatingWitch/Content/KenneyJam2021/Geometry/Mesh/FoodKit/_material/_Inst_blueGray_3_rough.uasset" 583
"F:/Unreal Projects/kennyjam_test/RotatingWitch/Content/KenneyJam2021/Geometry/Mesh/FoodKit/cocktail.uasset" 584
"F:/Unreal Projects/kennyjam_test/RotatingWitch/Content/KenneyJam2021/Geometry/Mesh/FoodKit/cheese_wedge9.uasset" 585
"F:/Unreal Projects/kennyjam_test/RotatingWitch/Content/KenneyJam2021/Geometry/Mesh/FoodKit/cheese_wedge8.uasset" 586
"F:/Unreal Projects/kennyjam_test/RotatingWitch/Content/KenneyJam2021/Geometry/Mesh/FoodKit/cheese_wedge7.uasset" 587
"F:/Unreal Projects/kennyjam_test/RotatingWitch/Content/KenneyJam2021/Geometry/Mesh/FoodKit/cheese_wedge6.uasset" 588
"F:/Unreal Projects/kennyjam_test/RotatingWitch/Content/KenneyJam2021/Geometry/Mesh/FoodKit/cheese_wedge5.uasset" 589
"F:/Unreal Projects/kennyjam_test/RotatingWitch/Content/KenneyJam2021/Geometry/Mesh/FoodKit/cheese_wedge4.uasset" 590
"F:/Unreal Projects/kennyjam_test/RotatingWitch/Content/KenneyJam2021/Geometry/Mesh/FoodKit/cheese_wedge3.uasset" 591
"F:/Unreal Projects/kennyjam_test/RotatingWitch/Content/KenneyJam2021/Geometry/Mesh/FoodKit/cheese_wedge2.uasset" 592
"F:/Unreal Projects/kennyjam_test/RotatingWitch/Content/KenneyJam2021/Geometry/Mesh/FoodKit/cheese_wedge11.uasset" 593
"F:/Unreal Projects/kennyjam_test/RotatingWitch/Content/KenneyJam2021/Geometry/Mesh/FoodKit/cheese_wedge10.uasset" 594
"F:/Unreal Projects/kennyjam_test/RotatingWitch/Content/KenneyJam2021/Geometry/Mesh/FoodKit/cheese_wedge1.uasset" 595
"F:/Unreal Projects/kennyjam_test/RotatingWitch/Content/KenneyJam2021/Geometry/Mesh/FoodKit/cheese_wedge.uasset" 596
"F:/Unreal Projects/kennyjam_test/RotatingWitch/Content/KenneyJam2021/Geometry/Mesh/FoodKit/gingerBread.uasset" 597
"F:/Unreal Projects/kennyjam_test/RotatingWitch/Content/KenneyJam2021/Blueprints/Item/Food/Bread.uasset" 598
"F:/Unreal Projects/kennyjam_test/RotatingWitch/Content/KenneyJam2021/Blueprints/Item/Cup/StartCup.uasset" 599
"F:/Unreal Projects/kennyjam_test/RotatingWitch/Content/KenneyJam2021/Geometry/Mesh/FoodKit/pie.uasset" 600
"F:/Unreal Projects/kennyjam_test/RotatingWitch/Content/KenneyJam2021/Geometry/Mesh/FoodKit/pear.uasset" 601
"F:/Unreal Projects/kennyjam_test/RotatingWitch/Content/KenneyJam2021/Geometry/Mesh/FoodKit/panStew.uasset" 602
"F:/Unreal Projects/kennyjam_test/RotatingWitch/Content/KenneyJam2021/Geometry/Mesh/FoodKit/onionHalf.uasset" 603
"F:/Unreal Projects/kennyjam_test/RotatingWitch/Content/KenneyJam2021/Geometry/Mesh/FoodKit/onion.uasset" 604
"F:/Unreal Projects/kennyjam_test/RotatingWitch/Content/KenneyJam2021/Geometry/Mesh/FoodKit/muffin.uasset" 605
"F:/Unreal Projects/kennyjam_test/RotatingWitch/Content/KenneyJam2021/Geometry/Mesh/FoodKit/mincemeatPie.uasset" 606
"F:/Unreal Projects/kennyjam_test/RotatingWitch/Content/KenneyJam2021/Geometry/Mesh/FoodKit/loafBaguette.uasset" 607
"F:/Unreal Projects/kennyjam_test/RotatingWitch/Content/KenneyJam2021/Geometry/Mesh/FoodKit/loaf.uasset" 608
"F:/Unreal Projects/kennyjam_test/RotatingWitch/Content/KenneyJam2021/Geometry/Mesh/Environment/platformKit/ground_riverBend.uasset" 609
"F:/Unreal Projects/kennyjam_test/RotatingWitch/Content/KenneyJam2021/Geometry/Mesh/Environment/platformKit/flowersLowLiteYellow.uasset" 610
"F:/Unreal Projects/kennyjam_test/RotatingWitch/Content/KenneyJam2021/Geometry/Mesh/Environment/platformKit/chest.uasset" 611
"F:/Unreal Projects/kennyjam_test/RotatingWitch/Content/KenneyJam2021/Geometry/Mesh/Environment/platformKit/arrows.uasset" 612
"F:/Unreal Projects/kennyjam_test/RotatingWitch/Content/KenneyJam2021/Geometry/Mesh/Environment/natureKit/path_stoneEnd.uasset" 613
"F:/Unreal Projects/kennyjam_test/RotatingWitch/Content/KenneyJam2021/Geometry/Mesh/Environment/natureKit/mushroom_redTall.uasset" 614
"F:/Unreal Projects/kennyjam_test/RotatingWitch/Content/KenneyJam2021/Geometry/Mesh/Environment/natureKit/ground_riverEnd.uasset" 615
"F:/Unreal Projects/kennyjam_test/RotatingWitch/Content/KenneyJam2021/Geometry/Material/_Inst_river_8_rough.uasset" 616
"F:/Unreal Projects/kennyjam_test/RotatingWitch/Content/KenneyJam2021/Geometry/Material/_Inst_mudLite_8_rough.uasset" 617
"F:/Unreal Projects/kennyjam_test/RotatingWitch/Content/KenneyJam2021/Geometry/Material/_Inst_mudDark_8_rough.uasset" 618
"F:/Unreal Projects/kennyjam_test/RotatingWitch/Content/KenneyJam2021/Geometry/Material/_Inst_grassBase_8_rough.uasset" 619
"F:/Unreal Projects/kennyjam_test/RotatingWitch/Content/KenneyJam2021/Geometry/Mesh/Environment/natureKit/ground_riverBend.uasset" 620
"F:/Unreal Projects/kennyjam_test/RotatingWitch/Content/KenneyJam2021/Geometry/Mesh/Environment/natureKit/ground_pathOpen.uasset" 621
"F:/Unreal Projects/kennyjam_test/RotatingWitch/Content/KenneyJam2021/Geometry/Mesh/Environment/natureKit/ground_pathCorner.uasset" 622
"F:/Unreal Projects/kennyjam_test/RotatingWitch/Content/KenneyJam2021/Geometry/Mesh/Environment/nature/tree_thin.uasset" 623
"F:/Unreal Projects/kennyjam_test/RotatingWitch/Content/KenneyJam2021/Geometry/Mesh/Environment/nature/tree_plateau.uasset" 624
"F:/Unreal Projects/kennyjam_test/RotatingWitch/Content/KenneyJam2021/Geometry/Mesh/Environment/nature/tree_oak.uasset" 625
"F:/Unreal Projects/kennyjam_test/RotatingWitch/Content/KenneyJam2021/Geometry/Mesh/Environment/nature/tree_default.uasset" 626
"F:/Unreal Projects/kennyjam_test/RotatingWitch/Content/KenneyJam2021/Geometry/Material/_Inst_treeGreen_9_rough_1.uasset" 627
"F:/Unreal Projects/kennyjam_test/RotatingWitch/Content/KenneyJam2021/Geometry/Material/_Inst_treeBrownDark_9_rough.uasset" 628
"F:/Unreal Projects/kennyjam_test/RotatingWitch/Content/KenneyJam2021/Geometry/Mesh/Environment/nature/treeHighRound.uasset" 629
"F:/Unreal Projects/kennyjam_test/RotatingWitch/Content/KenneyJam2021/Geometry/Mesh/Environment/nature/snow_detail_rocksLarge.uasset" 630
"F:/Unreal Projects/kennyjam_test/RotatingWitch/Content/KenneyJam2021/Geometry/Mesh/Environment/nature/snow_detail_rocks.uasset" 631
"F:/Unreal Projects/kennyjam_test/RotatingWitch/Content/KenneyJam2021/Geometry/Mesh/Environment/nature/rockLarge.uasset" 632
"F:/Unreal Projects/kennyjam_test/RotatingWitch/Content/KenneyJam2021/Geometry/Material/_Inst_treeGreen_9_rough_3.uasset" 633
"F:/Unreal Projects/kennyjam_test/RotatingWitch/Content/KenneyJam2021/Geometry/Mesh/Environment/nature/detail_tree.uasset" 634
"F:/Unreal Projects/kennyjam_test/RotatingWitch/Content/KenneyJam2021/Geometry/Mesh/Environment/furniture/tableRound.uasset" 635
"F:/Unreal Projects/kennyjam_test/RotatingWitch/Content/KenneyJam2021/Geometry/Material/_Inst_woodPlainLite_8_rough.uasset" 636
"F:/Unreal Projects/kennyjam_test/RotatingWitch/Content/KenneyJam2021/Geometry/Material/_Inst_tableCloth_8_rough.uasset" 637
"F:/Unreal Projects/kennyjam_test/RotatingWitch/Content/KenneyJam2021/Geometry/Mesh/Environment/furniture/tableCloth.uasset" 638
"F:/Unreal Projects/kennyjam_test/RotatingWitch/Content/KenneyJam2021/Geometry/Mesh/Environment/furniture/radio.uasset" 639
"F:/Unreal Projects/kennyjam_test/RotatingWitch/Content/KenneyJam2021/Geometry/Mesh/Environment/furniture/plantSmall3.uasset" 640
"F:/Unreal Projects/kennyjam_test/RotatingWitch/Content/KenneyJam2021/Geometry/Mesh/Environment/furniture/plantSmall2.uasset" 641
"F:/Unreal Projects/kennyjam_test/RotatingWitch/Content/KenneyJam2021/Geometry/Mesh/Environment/furniture/chairCushion.uasset" 642
"F:/Unreal Projects/kennyjam_test/RotatingWitch/Content/KenneyJam2021/Geometry/Mesh/Environment/furniture/cardboardBoxOpen.uasset" 643
"F:/Unreal Projects/kennyjam_test/RotatingWitch/Content/KenneyJam2021/Geometry/Mesh/Environment/farm/wheel.uasset" 644
"F:/Unreal Projects/kennyjam_test/RotatingWitch/Content/KenneyJam2021/Geometry/Mesh/Environment/farm/trunk.uasset" 645
"F:/Unreal Projects/kennyjam_test/RotatingWitch/Content/KenneyJam2021/Geometry/Material/_Inst_treeBrownLite_9_rough.uasset" 646
"F:/Unreal Projects/kennyjam_test/RotatingWitch/Content/KenneyJam2021/Geometry/Mesh/Environment/farm/stallStool.uasset" 647
"F:/Unreal Projects/kennyjam_test/RotatingWitch/Content/KenneyJam2021/Geometry/Mesh/Environment/farm/stall.uasset" 648
"F:/Unreal Projects/kennyjam_test/RotatingWitch/Content/KenneyJam2021/Geometry/Mesh/FoodKit/bowlSoup.uasset" 649
"F:/Unreal Projects/kennyjam_test/RotatingWitch/Content/KenneyJam2021/Geometry/Mesh/FoodKit/_material/_Inst_bowlNPlateBlueGray_2_rough.uasset" 650
"F:/Unreal Projects/kennyjam_test/RotatingWitch/Content/KenneyJam2021/Geometry/Mesh/FoodKit/bowlCereal.uasset" 651
"F:/Unreal Projects/kennyjam_test/RotatingWitch/Content/KenneyJam2021/Geometry/Mesh/FoodKit/_material/_Inst_bananaGreen_8_rough.uasset" 652
"F:/Unreal Projects/kennyjam_test/RotatingWitch/Content/KenneyJam2021/Geometry/Mesh/Environment/platformKit/plant_bushTriangle.uasset" 653
"F:/Unreal Projects/kennyjam_test/RotatingWitch/Content/KenneyJam2021/Geometry/Mesh/Environment/platformKit/plant_bush.uasset" 654
"F:/Unreal Projects/kennyjam_test/RotatingWitch/Content/KenneyJam2021/Geometry/Mesh/Environment/platformKit/mushroom_redGroup.uasset" 655
"F:/Unreal Projects/kennyjam_test/RotatingWitch/Content/KenneyJam2021/Geometry/Mesh/Environment/platformKit/log_stackLarge.uasset" 656
"F:/Unreal Projects/kennyjam_test/RotatingWitch/Content/KenneyJam2021/Geometry/Mesh/Environment/platformKit/log_stack.uasset" 657
"F:/Unreal Projects/kennyjam_test/RotatingWitch/Content/KenneyJam2021/Geometry/Material/_Inst_treeGreen_9_rough_9.uasset" 658
"F:/Unreal Projects/kennyjam_test/RotatingWitch/Content/KenneyJam2021/Geometry/Material/_Inst_treeGreen_9_rough_7.uasset" 659
"F:/Unreal Projects/kennyjam_test/RotatingWitch/Content/KenneyJam2021/Geometry/Mesh/Environment/platformKit/lily_small.uasset" 660
"F:/Unreal Projects/kennyjam_test/RotatingWitch/Content/KenneyJam2021/Geometry/Mesh/Environment/platformKit/lily_large.uasset" 661
"F:/Unreal Projects/kennyjam_test/RotatingWitch/Content/KenneyJam2021/Geometry/Mesh/Environment/platformKit/ground_riverBendBank.uasset" 662
"F:/Unreal Projects/kennyjam_test/RotatingWitch/Content/KenneyJam2021/Geometry/Mesh/Environment/farm/pumpkinTall.uasset" 663
"F:/Unreal Projects/kennyjam_test/RotatingWitch/Content/KenneyJam2021/Geometry/Mesh/Environment/farm/pumpkin.uasset" 664
"F:/Unreal Projects/kennyjam_test/RotatingWitch/Content/KenneyJam2021/Geometry/Mesh/Kitchen/_material/_Inst_lemonYellow_5_rough.uasset" 665
"F:/Unreal Projects/kennyjam_test/RotatingWitch/Content/KenneyJam2021/Geometry/Material/_Inst_grayDark_8_rough.uasset" 666
"F:/Unreal Projects/kennyjam_test/RotatingWitch/Content/KenneyJam2021/Geometry/Mesh/Environment/farm/lanternCandle.uasset" 667
"F:/Unreal Projects/kennyjam_test/RotatingWitch/Content/KenneyJam2021/Geometry/Material/_Inst_grayLite_8_rough1.uasset" 668
"F:/Unreal Projects/kennyjam_test/RotatingWitch/Content/KenneyJam2021/Geometry/Mesh/Environment/farm/lantern.uasset" 669
"F:/Unreal Projects/kennyjam_test/RotatingWitch/Content/KenneyJam2021/Geometry/Mesh/Environment/farm/fenceGate_gate.uasset" 670
"F:/Unreal Projects/kennyjam_test/RotatingWitch/Content/KenneyJam2021/Geometry/Mesh/Environment/farm/fenceGate_fenceGate.uasset" 671
"F:/Unreal Projects/kennyjam_test/RotatingWitch/Content/KenneyJam2021/Geometry/Mesh/Environment/farm/debrisWood.uasset" 672
"F:/Unreal Projects/kennyjam_test/RotatingWitch/Content/KenneyJam2021/Geometry/Mesh/Environment/farm/cart.uasset" 673
"F:/Unreal Projects/kennyjam_test/RotatingWitch/Content/KenneyJam2021/Geometry/Mesh/Environment/farm/bench.uasset" 674
"F:/Unreal Projects/kennyjam_test/RotatingWitch/Content/KenneyJam2021/Geometry/Material/_Inst_ribbonRed_8_rough.uasset" 675
"F:/Unreal Projects/kennyjam_test/RotatingWitch/Content/KenneyJam2021/Geometry/Material/_Inst_green_8_rough.uasset" 676
"F:/Unreal Projects/kennyjam_test/RotatingWitch/Content/KenneyJam2021/Geometry/Mesh/Environment/cabin/wreath.uasset" 677
"F:/Unreal Projects/kennyjam_test/RotatingWitch/Content/KenneyJam2021/Geometry/Mesh/Environment/cabin/presentRound.uasset" 678
"F:/Unreal Projects/kennyjam_test/RotatingWitch/Content/KenneyJam2021/Geometry/Mesh/Environment/cabin/presentLow.uasset" 679
"F:/Unreal Projects/kennyjam_test/RotatingWitch/Content/KenneyJam2021/Geometry/Mesh/Environment/cabin/presentGreenRound.uasset" 680
"F:/Unreal Projects/kennyjam_test/RotatingWitch/Content/KenneyJam2021/Geometry/Mesh/Environment/cabin/presentGreenLow.uasset" 681
"F:/Unreal Projects/kennyjam_test/RotatingWitch/Content/KenneyJam2021/Geometry/Mesh/Environment/cabin/presentGreen.uasset" 682
"F:/Unreal Projects/kennyjam_test/RotatingWitch/Content/KenneyJam2021/Geometry/Mesh/Environment/cabin/present.uasset" 683
"F:/Unreal Projects/kennyjam_test/RotatingWitch/Content/KenneyJam2021/Geometry/Material/_Inst_lightPurple.uasset" 684
"F:/Unreal Projects/kennyjam_test/RotatingWitch/Content/KenneyJam2021/Geometry/Material/_Inst_lightAqua.uasset" 685
"F:/Unreal Projects/kennyjam_test/RotatingWitch/Content/KenneyJam2021/Geometry/Material/_Inst_grayExtraDark_8_roug.uasset" 686
"F:/Unreal Projects/kennyjam_test/RotatingWitch/Content/KenneyJam2021/Geometry/Mesh/Environment/cabin/lightsMulti.uasset" 687
"F:/Unreal Projects/kennyjam_test/RotatingWitch/Content/KenneyJam2021/Geometry/Material/_Inst_woodMoreDark_8_rough.uasset" 688
"F:/Unreal Projects/kennyjam_test/RotatingWitch/Content/KenneyJam2021/Geometry/Material/_Inst_woodLite_8_rough.uasset" 689
"F:/Unreal Projects/kennyjam_test/RotatingWitch/Content/KenneyJam2021/Geometry/Mesh/Environment/cabin/cabinWindowLarge.uasset" 690
"F:/Unreal Projects/kennyjam_test/RotatingWitch/Content/KenneyJam2021/Geometry/Material/_Inst_windowLight_Day.uasset" 691
"F:/Unreal Projects/kennyjam_test/RotatingWitch/Content/KenneyJam2021/Geometry/Mesh/Environment/cabin/cabinWindow.uasset" 692
"F:/Unreal Projects/kennyjam_test/RotatingWitch/Content/KenneyJam2021/Geometry/Mesh/Environment/cabin/cabinWall.uasset" 693
"F:/Unreal Projects/kennyjam_test/RotatingWitch/Content/KenneyJam2021/Geometry/Material/_Inst_woodExtraLite_8_rough.uasset" 694
"F:/Unreal Projects/kennyjam_test/RotatingWitch/Content/KenneyJam2021/Geometry/Mesh/Environment/farm/fenceLite.uasset" 695
"F:/Unreal Projects/kennyjam_test/RotatingWitch/Content/KenneyJam2021/Geometry/Mesh/Environment/cabin/cabinSide.uasset" 696
"F:/Unreal Projects/kennyjam_test/RotatingWitch/Content/KenneyJam2021/Geometry/Material/_Inst_woodDark_8_rough.uasset" 697
"F:/Unreal Projects/kennyjam_test/RotatingWitch/Content/KenneyJam2021/Geometry/Material/_Inst_grayExtraLite_8_rough.uasset" 698
"F:/Unreal Projects/kennyjam_test/RotatingWitch/Content/KenneyJam2021/Geometry/Mesh/Environment/cabin/cabinRoofChimney.uasset" 699
"F:/Unreal Projects/kennyjam_test/RotatingWitch/Content/KenneyJam2021/Geometry/Mesh/Environment/cabin/cabinRoof.uasset" 700
"F:/Unreal Projects/kennyjam_test/RotatingWitch/Content/KenneyJam2021/Geometry/Mesh/Environment/cabin/cabinDoor.uasset" 701
"F:/Unreal Projects/kennyjam_test/RotatingWitch/Content/KenneyJam2021/Geometry/Mesh/Environment/cabin/cabinCorner.uasset" 702
"F:/Unreal Projects/kennyjam_test/RotatingWitch/Content/KenneyJam2021/Geometry/Material/_Inst_treeGreen_9_rough_8.uasset" 703
"F:/Unreal Projects/kennyjam_test/RotatingWitch/Content/KenneyJam2021/Geometry/Material/_Inst_treeGreen_9_rough_5.uasset" 704
"F:/Unreal Projects/kennyjam_test/RotatingWitch/Content/KenneyJam2021/Geometry/Material/_Inst_treeGreen_9_rough_4.uasset" 705
"F:/Unreal Projects/kennyjam_test/RotatingWitch/Content/KenneyJam2021/Geometry/Material/_Inst_treeGreen_9_rough_2.uasset" 706
"F:/Unreal Projects/kennyjam_test/RotatingWitch/Content/KenneyJam2021/Geometry/Material/_Inst_treeGreen_9_rough_12.uasset" 707
"F:/Unreal Projects/kennyjam_test/RotatingWitch/Content/KenneyJam2021/Geometry/Material/_Inst_treeGreen_9_rough_11.uasset" 708
"F:/Unreal Projects/kennyjam_test/RotatingWitch/Content/KenneyJam2021/Geometry/Material/_Inst_treeGreen_9_rough_10.uasset" 709
"F:/Unreal Projects/kennyjam_test/RotatingWitch/Content/KenneyJam2021/Geometry/Material/_Inst_lightRed.uasset" 710
"F:/Unreal Projects/kennyjam_test/RotatingWitch/Content/KenneyJam2021/Geometry/Material/_Inst_lightGreen.uasset" 711
"F:/Unreal Projects/kennyjam_test/RotatingWitch/Content/KenneyJam2021/Geometry/Material/_Inst_lightBlue.uasset" 712
"F:/Unreal Projects/kennyjam_test/RotatingWitch/Content/KenneyJam2021/Geometry/Material/_Inst_treeGreen_9_rough_6.uasset" 713
"F:/Unreal Projects/kennyjam_test/RotatingWitch/Content/KenneyJam2021/Geometry/Material/_Inst_circleOut_8_rough.uasset" 714
"F:/Unreal Projects/kennyjam_test/RotatingWitch/Content/KenneyJam2021/Geometry/Material/_Inst_circleInner_8_rough.uasset" 715
"F:/Unreal Projects/kennyjam_test/RotatingWitch/Content/KenneyJam2021/Geometry/Mesh/Environment/natureKit/flower_B.uasset" 716
"F:/Unreal Projects/kennyjam_test/RotatingWitch/Content/KenneyJam2021/Blueprints/Item/Gift/MasterGift.uasset" 717
"F:/Unreal Projects/kennyjam_test/RotatingWitch/Content/KenneyJam2021/Geometry/Mesh/Kitchen/_material/_Inst_beepPurple_6_rough.uasset" 718
"F:/Unreal Projects/kennyjam_test/RotatingWitch/Content/KenneyJam2021/Blueprints/Item/Gift/axis_4.uasset" 719
"F:/Unreal Projects/kennyjam_test/RotatingWitch/Content/KenneyJam2021/Geometry/Mesh/Environment/natureKit/flower_C.uasset" 720
"F:/Unreal Projects/kennyjam_test/RotatingWitch/Content/KenneyJam2021/Geometry/Mesh/Kitchen/_material/_Inst_springOnionGreenDark_6_rough.uasset" 721
"F:/Unreal Projects/kennyjam_test/RotatingWitch/Content/KenneyJam2021/Blueprints/Item/Gift/axis_3.uasset" 722
"F:/Unreal Projects/kennyjam_test/RotatingWitch/Content/KenneyJam2021/Geometry/Mesh/FoodKit/_material/_Inst_bananaYellow_6_rough.uasset" 723
"F:/Unreal Projects/kennyjam_test/RotatingWitch/Content/KenneyJam2021/Blueprints/Item/Gift/axis_2.uasset" 724
"F:/Unreal Projects/kennyjam_test/RotatingWitch/Content/KenneyJam2021/Geometry/Mesh/Environment/natureKit/flower_A.uasset" 725
"F:/Unreal Projects/kennyjam_test/RotatingWitch/Content/KenneyJam2021/Blueprints/Item/Gift/axis_1.uasset" 726
"F:/Unreal Projects/kennyjam_test/RotatingWitch/Content/KenneyJam2021/Geometry/Mesh/FoodKit/tomato.uasset" 727
"F:/Unreal Projects/kennyjam_test/RotatingWitch/Content/KenneyJam2021/Blueprints/Item/Food/Tomato.uasset" 728
"F:/Unreal Projects/kennyjam_test/RotatingWitch/Content/KenneyJam2021/Geometry/Mesh/FoodKit/meatPatty.uasset" 729
"F:/Unreal Projects/kennyjam_test/RotatingWitch/Content/KenneyJam2021/Blueprints/Item/Food/Meatpatty.uasset" 730
"F:/Unreal Projects/kennyjam_test/RotatingWitch/Content/KenneyJam2021/Blueprints/Item/Food/Meat.uasset" 731
"F:/Unreal Projects/kennyjam_test/RotatingWitch/Content/KenneyJam2021/Blueprints/Item/Food/Meatparty.uasset" 732
"F:/Unreal Projects/kennyjam_test/RotatingWitch/Content/KenneyJam2021/Geometry/Mesh/FoodKit/cheeseCut.uasset" 733
"F:/Unreal Projects/kennyjam_test/RotatingWitch/Content/KenneyJam2021/Blueprints/Item/Food/CheeseSlice.uasset" 734
"F:/Unreal Projects/kennyjam_test/RotatingWitch/Content/KenneyJam2021/Geometry/Mesh/FoodKit/loafRound.uasset" 735
"F:/Unreal Projects/kennyjam_test/RotatingWitch/Content/KenneyJam2021/Blueprints/Item/Food/burgerBread.uasset" 736
"F:/Unreal Projects/kennyjam_test/RotatingWitch/Content/KenneyJam2021/Geometry/Mesh/FoodKit/apple.uasset" 737
"F:/Unreal Projects/kennyjam_test/RotatingWitch/Content/KenneyJam2021/Blueprints/Item/Cup/BlueCup.uasset" 738
"F:/Unreal Projects/kennyjam_test/RotatingWitch/Content/KenneyJam2021/Maps/backup/Level1_backupFinished.umap" 739
"F:/Unreal Projects/kennyjam_test/RotatingWitch/Content/KenneyJam2021/Geometry/Mesh/Kitchen/whisk.uasset" 740
"F:/Unreal Projects/kennyjam_test/RotatingWitch/Content/KenneyJam2021/Geometry/Mesh/Kitchen/utensilSpoon.uasset" 741
"F:/Unreal Projects/kennyjam_test/RotatingWitch/Content/KenneyJam2021/Geometry/Mesh/Kitchen/peanutButter.uasset" 742
"F:/Unreal Projects/kennyjam_test/RotatingWitch/Content/KenneyJam2021/Geometry/Mesh/Kitchen/_material/_Inst_cerealYellow_6_rough.uasset" 743
"F:/Unreal Projects/kennyjam_test/RotatingWitch/Content/KenneyJam2021/Geometry/Mesh/Kitchen/_material/_Inst_brownCream_4_rough.uasset" 744
"F:/Unreal Projects/kennyjam_test/RotatingWitch/Content/KenneyJam2021/Geometry/Mesh/Kitchen/honey.uasset" 745
"F:/Unreal Projects/kennyjam_test/RotatingWitch/Content/KenneyJam2021/Geometry/Mesh/Kitchen/cupSaucer.uasset" 746
"F:/Unreal Projects/kennyjam_test/RotatingWitch/Content/KenneyJam2021/Geometry/Mesh/Kitchen/bowl.uasset" 747
"F:/Unreal Projects/kennyjam_test/RotatingWitch/Content/KenneyJam2021/Geometry/Mesh/Kitchen/bagFlat.uasset" 748
"F:/Unreal Projects/kennyjam_test/RotatingWitch/Content/KenneyJam2021/Geometry/Mesh/FoodKit/cookie.uasset" 749
"F:/Unreal Projects/kennyjam_test/RotatingWitch/Content/KenneyJam2021/Geometry/Mesh/FoodKit/chocolateWrapper.uasset" 750
"F:/Unreal Projects/kennyjam_test/RotatingWitch/Content/KenneyJam2021/Geometry/Mesh/FoodKit/_material/_Inst_chocoDarkBrown_4_rough.uasset" 751
"F:/Unreal Projects/kennyjam_test/RotatingWitch/Content/KenneyJam2021/Geometry/Mesh/FoodKit/chocolateDark.uasset" 752
"F:/Unreal Projects/kennyjam_test/RotatingWitch/Content/KenneyJam2021/Geometry/Mesh/Environment/farm/detail_dirt.uasset" 753
"F:/Unreal Projects/kennyjam_test/RotatingWitch/Content/KenneyJam2021/Geometry/Mesh/FoodKit/strawberry.uasset" 754
"F:/Unreal Projects/kennyjam_test/RotatingWitch/Content/KenneyJam2021/Blueprints/Item/Food/Strawberry.uasset" 755
"F:/Unreal Projects/kennyjam_test/RotatingWitch/Content/KenneyJam2021/Geometry/Mesh/Kitchen/bag.uasset" 756
"F:/Unreal Projects/kennyjam_test/RotatingWitch/Content/KenneyJam2021/Blueprints/Item/Food/Flour.uasset" 757
"F:/Unreal Projects/kennyjam_test/RotatingWitch/Content/KenneyJam2021/Geometry/Mesh/FoodKit/whippedCream.uasset" 758
"F:/Unreal Projects/kennyjam_test/RotatingWitch/Content/KenneyJam2021/Blueprints/Item/Food/Cream.uasset" 759
"F:/Unreal Projects/kennyjam_test/RotatingWitch/Content/KenneyJam2021/Geometry/Mesh/FoodKit/chocolateMilk.uasset" 760
"F:/Unreal Projects/kennyjam_test/RotatingWitch/Content/KenneyJam2021/Blueprints/Item/Food/Chocolate.uasset" 761
"F:/Unreal Projects/kennyjam_test/RotatingWitch/Content/KenneyJam2021/Maps/backup/Level2_backupFinished.umap" 762
"F:/Unreal Projects/kennyjam_test/RotatingWitch/Content/KenneyJam2021/Widget/UI_Elements/dialog/grey_panel.uasset" 763
"F:/Unreal Projects/kennyjam_test/RotatingWitch/Content/KenneyJam2021/Widget/UI_Elements/Logo/GameLogo.uasset" 764
"F:/Unreal Projects/kennyjam_test/RotatingWitch/Content/KenneyJam2021/Widget/MainMenu.uasset" 765
"F:/Unreal Projects/kennyjam_test/RotatingWitch/Content/KenneyJam2021/Widget/UI_Elements/icon/mouseLeft.uasset" 766
"F:/Unreal Projects/kennyjam_test/RotatingWitch/Content/KenneyJam2021/Widget/UI_Elements/dialog/grey_bar.uasset" 767
"F:/Unreal Projects/kennyjam_test/RotatingWitch/Content/KenneyJam2021/Widget/UI_Elements/dialog/cloudSmall.uasset" 768
"F:/Unreal Projects/kennyjam_test/RotatingWitch/Content/KenneyJam2021/Widget/UI_Elements/dialog/cloud3.uasset" 769
"F:/Unreal Projects/kennyjam_test/RotatingWitch/Content/KenneyJam2021/Widget/UI_Elements/dialog/cake_NE.uasset" 770
"F:/Unreal Projects/kennyjam_test/RotatingWitch/Content/KenneyJam2021/Widget/UI_Elements/dialog/burgerDouble_NE.uasset" 771
"F:/Unreal Projects/kennyjam_test/RotatingWitch/Content/KenneyJam2021/Sound/soundFail.uasset" 772
"F:/Unreal Projects/kennyjam_test/RotatingWitch/Content/KenneyJam2021/Sound/soundFail_Cue.uasset" 773
"F:/Unreal Projects/kennyjam_test/RotatingWitch/Content/KenneyJam2021/Sound/brightSuccess.uasset" 774
"F:/Unreal Projects/kennyjam_test/RotatingWitch/Content/KenneyJam2021/Sound/brightSuccess_Cue.uasset" 775
"F:/Unreal Projects/kennyjam_test/RotatingWitch/Content/KenneyJam2021/Widget/UI_Elements/emotes/emote_faceSad.uasset" 776
"F:/Unreal Projects/kennyjam_test/RotatingWitch/Content/KenneyJam2021/Widget/UI_Elements/emotes/emote_cloud.uasset" 777
"F:/Unreal Projects/kennyjam_test/RotatingWitch/Content/KenneyJam2021/Widget/UI_Elements/icon/arrowRight.uasset" 778
"../../../Engine/Content/EditorBlueprintResources/StandardMacros.uasset" 779
"F:/Unreal Projects/kennyjam_test/RotatingWitch/Content/KenneyJam2021/Geometry/Mesh/Kitchen/_material/_Inst_milkWhite_8_rough.uasset" 780
"F:/Unreal Projects/kennyjam_test/RotatingWitch/Content/KenneyJam2021/Geometry/Mesh/Kitchen/plateDeep.uasset" 781
"F:/Unreal Projects/kennyjam_test/RotatingWitch/Content/KenneyJam2021/Blueprints/Task/TaskData.uasset" 782
"F:/Unreal Projects/kennyjam_test/RotatingWitch/Content/KenneyJam2021/Blueprints/Task/MasterTask.uasset" 783
"F:/Unreal Projects/kennyjam_test/RotatingWitch/Content/KenneyJam2021/Blueprints/Task/Task2.uasset" 784
"F:/Unreal Projects/kennyjam_test/RotatingWitch/Content/KenneyJam2021/Blueprints/Task/Task1.uasset" 785
"F:/Unreal Projects/kennyjam_test/RotatingWitch/Content/KenneyJam2021/Widget/HUD.uasset" 786
"F:/Unreal Projects/kennyjam_test/RotatingWitch/Content/KenneyJam2021/Sprite/Magician/_character_Magician_test.uasset" 787
"../../Plugins/2D/Paper2D/Content/TranslucentUnlitSpriteMaterial.uasset" 788
"F:/Unreal Projects/kennyjam_test/RotatingWitch/Content/KenneyJam2021/Sprite/Magician/_character_Maji_test_Sprite_43.uasset" 789
"F:/Unreal Projects/kennyjam_test/RotatingWitch/Content/KenneyJam2021/Sprite/Magician/_character_Maji_test_Sprite_42.uasset" 790
"F:/Unreal Projects/kennyjam_test/RotatingWitch/Content/KenneyJam2021/Sprite/Magician/_character_Maji_test_Sprite_41.uasset" 791
"F:/Unreal Projects/kennyjam_test/RotatingWitch/Content/KenneyJam2021/Sprite/Magician/_character_Maji_test_Sprite_40.uasset" 792
"F:/Unreal Projects/kennyjam_test/RotatingWitch/Content/KenneyJam2021/Sprite/Magician/_character_Maji_test_Sprite_39.uasset" 793
"F:/Unreal Projects/kennyjam_test/RotatingWitch/Content/KenneyJam2021/Sprite/Magician/_character_Maji_test_Sprite_38.uasset" 794
"F:/Unreal Projects/kennyjam_test/RotatingWitch/Content/KenneyJam2021/Sprite/Magician/_character_Maji_test_Sprite_37.uasset" 795
"F:/Unreal Projects/kennyjam_test/RotatingWitch/Content/KenneyJam2021/Sprite/Magician/_character_Maji_test_Sprite_36.uasset" 796
"F:/Unreal Projects/kennyjam_test/RotatingWitch/Content/KenneyJam2021/Sprite/Magician/Magician_Walk.uasset" 797
"F:/Unreal Projects/kennyjam_test/RotatingWitch/Content/KenneyJam2021/Sprite/Magician/thinkPose.uasset" 798
"F:/Unreal Projects/kennyjam_test/RotatingWitch/Content/KenneyJam2021/Sprite/Magician/thinkPose_Sprite.uasset" 799
"F:/Unreal Projects/kennyjam_test/RotatingWitch/Content/KenneyJam2021/Sprite/Magician/Magician_Think.uasset" 800
"F:/Unreal Projects/kennyjam_test/RotatingWitch/Content/KenneyJam2021/Sprite/Magician/_character_Maji_test_Sprite_18.uasset" 801
"F:/Unreal Projects/kennyjam_test/RotatingWitch/Content/KenneyJam2021/Sprite/Magician/_character_Maji_test_Sprite_0.uasset" 802
"F:/Unreal Projects/kennyjam_test/RotatingWitch/Content/KenneyJam2021/Sprite/Magician/Magician_Interact.uasset" 803
"F:/Unreal Projects/kennyjam_test/RotatingWitch/Content/KenneyJam2021/Sprite/Magician/Magician_Idle.uasset" 804
"F:/Unreal Projects/kennyjam_test/RotatingWitch/Content/KenneyJam2021/Sprite/Magician/_character_Maji_test_Sprite_8.uasset" 805
"F:/Unreal Projects/kennyjam_test/RotatingWitch/Content/KenneyJam2021/Sprite/Magician/_character_Maji_test_Sprite_7.uasset" 806
"F:/Unreal Projects/kennyjam_test/RotatingWitch/Content/KenneyJam2021/Sprite/Magician/Magician_Cheers.uasset" 807
"F:/Unreal Projects/kennyjam_test/RotatingWitch/Content/KenneyJam2021/Sound/Submit.uasset" 808
"F:/Unreal Projects/kennyjam_test/RotatingWitch/Content/KenneyJam2021/Sound/Submit_Cue.uasset" 809
"F:/Unreal Projects/kennyjam_test/RotatingWitch/Content/KenneyJam2021/Sound/menuSoundEffect.uasset" 810
"F:/Unreal Projects/kennyjam_test/RotatingWitch/Content/KenneyJam2021/Sound/menuSoundEffect_Cue.uasset" 811
"F:/Unreal Projects/kennyjam_test/RotatingWitch/Content/KenneyJam2021/Sound/Grab.uasset" 812
"F:/Unreal Projects/kennyjam_test/RotatingWitch/Content/KenneyJam2021/Sound/Grab_Cue.uasset" 813
"F:/Unreal Projects/kennyjam_test/RotatingWitch/Content/KenneyJam2021/Widget/UI_Elements/icon/arrowRight_Sprite.uasset" 814
"F:/Unreal Projects/kennyjam_test/RotatingWitch/Content/KenneyJam2021/Blueprints/Magician.uasset" 815
"F:/Unreal Projects/kennyjam_test/RotatingWitch/Content/KenneyJam2021/Blueprints/SideScrollerGameMode.uasset" 816
"F:/Unreal Projects/kennyjam_test/RotatingWitch/Content/KenneyJam2021/Geometry/Mesh/FoodKit/orange.uasset" 817
"F:/Unreal Projects/kennyjam_test/RotatingWitch/Content/KenneyJam2021/Geometry/Mesh/Environment/platformKit/stump_oldTall.uasset" 818
"F:/Unreal Projects/kennyjam_test/RotatingWitch/Content/KenneyJam2021/Geometry/Mesh/Environment/platformKit/log.uasset" 819
"F:/Unreal Projects/kennyjam_test/RotatingWitch/Content/KenneyJam2021/Blueprints/Item/Cup/PurpleCup.uasset" 820
"F:/Unreal Projects/kennyjam_test/RotatingWitch/Content/KenneyJam2021/Blueprints/Item/Cup/BlackCup.uasset" 821
"F:/Unreal Projects/kennyjam_test/RotatingWitch/Content/KenneyJam2021/Maps/Level1.umap" 822
"F:/Unreal Projects/kennyjam_test/RotatingWitch/Content/KenneyJam2021/Geometry/Mesh/FoodKit/waffleLite.uasset" 823
"F:/Unreal Projects/kennyjam_test/RotatingWitch/Content/KenneyJam2021/Geometry/Mesh/FoodKit/waffle.uasset" 824
"F:/Unreal Projects/kennyjam_test/RotatingWitch/Content/KenneyJam2021/Blueprints/Item/Food/cream_Blueprint.uasset" 825
"F:/Unreal Projects/kennyjam_test/RotatingWitch/Content/KenneyJam2021/Maps/Level2.umap" 826
"../../../Engine/Content/EngineDebugMaterials/VertexColorViewMode_RedOnly.uasset" 827
"F:/Unreal Projects/kennyjam_test/RotatingWitch/Content/KenneyJam2021/Maps/StartMap_BuiltData.uasset" 828
"F:/Unreal Projects/kennyjam_test/RotatingWitch/Content/KenneyJam2021/Geometry/Mesh/Kitchen/_material/_Inst_bananaYellow_6_rough.uasset" 829
"F:/Unreal Projects/kennyjam_test/RotatingWitch/Content/KenneyJam2021/Geometry/Material/_Inst_windowLight_Night.uasset" 830
"F:/Unreal Projects/kennyjam_test/RotatingWitch/Content/KenneyJam2021/Geometry/Mesh/FoodKit/banana.uasset" 831
"F:/Unreal Projects/kennyjam_test/RotatingWitch/Content/KenneyJam2021/Blueprints/Item/Food/Banana.uasset" 832
"F:/Unreal Projects/kennyjam_test/RotatingWitch/Content/KenneyJam2021/Blueprints/Item/Food/Apple.uasset" 833
"F:/Unreal Projects/kennyjam_test/RotatingWitch/Content/KenneyJam2021/Maps/StartMap.umap" 834
"../../../Engine/Content/Maps/Entry_BuiltData.uasset" 835
"../../../Engine/Content/Maps/Entry.umap" 836
